   1              	 .syntax unified
   2              	 .cpu cortex-m4
   3              	 .eabi_attribute 27,3
   4              	 .fpu fpv4-sp-d16
   5              	 .eabi_attribute 20,1
   6              	 .eabi_attribute 21,1
   7              	 .eabi_attribute 23,3
   8              	 .eabi_attribute 24,1
   9              	 .eabi_attribute 25,1
  10              	 .eabi_attribute 26,1
  11              	 .eabi_attribute 30,6
  12              	 .eabi_attribute 34,1
  13              	 .eabi_attribute 18,4
  14              	 .thumb
  15              	 .file "Faults_Process.c"
  16              	 .text
  17              	.Ltext0:
  18              	 .cfi_sections .debug_frame
  19              	 .comm cluster_door_in,4,4
  20              	 .comm Vcu_OutPuts,3,4
  21              	 .comm Combi_Switch_IN,8,4
  22              	 .comm Seat_Switch_IN,3,4
  23              	 .comm Door_Switch_IN,7,4
  24              	 .comm Relay_Control_Switch_OUT,47,4
  25              	 .comm Hvac_IN,24,4
  26              	 .comm Switch_Ios_IN,20,4
  27              	 .comm Motor_controller_OUT,5,4
  28              	 .comm Lights_OUT,8,4
  29              	 .comm Sensors_OUT,8,4
  30              	 .comm Aux_Inputs,6,4
  31              	 .comm Instrument_Cluster_OUT,18,4
  32              	 .comm Seat_Belt_OUT,3,4
  33              	 .comm Gear_OUT,4,4
  34              	 .comm Instrumetcluster_DriveMode_OUT,4,4
  35              	 .comm Door_Switch_OUT,7,4
  36              	 .comm instrument_cluster_doorsvar,7,4
  37              	 .comm cluster_door_out,4,4
  38              	 .comm current_time,8,4
  39              	 .comm timeval,8,4
  40              	 .comm GPS_data_val,16,4
  41              	 .comm epoch,4,4
  42              	 .comm ambient_temp,1,1
  43              	 .comm BMS_SOC,1,1
  44              	 .comm CAN_MSG_DB_HVAC,60,4
  45              	 .comm eps_status,4,4
  46              	 .comm instrument_clustor_doors,1,1
  47              	 .comm CAN_BMS_29bit,132,4
  48              	 .comm CAN_IRP_29bit,132,4
  49              	 .comm charge_complete,1,1
  50              	 .comm charging_started,1,1
  51              	 .comm Bms_SOC,2,2
  52              	 .comm Bms_SOH,2,2
  53              	 .comm Mapped_BMS_SOC,1,1
  54              	 .comm Bms_minTemp,2,2
  55              	 .comm Bms_maxTemp,2,2
  56              	 .comm PackCurrent,4,4
  57              	 .comm PackVoltage,4,4
  58              	 .comm RegenerativeCurrentLimit,2,2
  59              	 .comm ChargeCurrentLimit,2,2
  60              	 .comm DischargeCurrentLimit,2,2
  61              	 .comm HvBatteryPower,4,4
  62              	 .global bmsFault1
  63              	 .section .data.bmsFault1,"aw",%progbits
  64              	 .align 2
  67              	bmsFault1:
  68 0000 40000000 	 .word CAN_BMS_29bit+64
  69              	 .global bmsFault2
  70              	 .section .data.bmsFault2,"aw",%progbits
  71              	 .align 2
  74              	bmsFault2:
  75 0000 4C000000 	 .word CAN_BMS_29bit+76
  76              	 .global GtakeFaults
  77              	 .section .data.GtakeFaults,"aw",%progbits
  78              	 .align 2
  81              	GtakeFaults:
  82 0000 1E000000 	 .word CAN_Gtake_29bit+30
  83              	 .comm allFault_indicator,3,4
  84              	 .global cluster_Fault_Indicator
  85              	 .section .data.cluster_Fault_Indicator,"aw",%progbits
  86              	 .align 2
  89              	cluster_Fault_Indicator:
  90 0000 6A000000 	 .word CAN_MSG_DB+106
  91              	 .comm Mcu_Temp,4,4
  92              	 .comm Motor_Temp,4,4
  93              	 .comm VehicleSpeedglb,2,2
  94              	 .comm OBDII_CAN,60,4
  95              	 .comm OBD_data,2,2
  96              	 .comm Irp_Mcu_drive_states_29bit,4,4
  97              	 .comm Irp_Mcu_BMS_states_29bit,4,4
  98              	 .comm Irp_Mcu_Torques_29bit,4,4
  99              	 .comm Irp_Mcu_BMS_Currents_29bit,4,4
 100              	 .comm Irp_MCU_Status_29bit,4,4
 101              	 .global Irp_MCU_Faults_29bit
 102              	 .section .data.Irp_MCU_Faults_29bit,"aw",%progbits
 103              	 .align 2
 106              	Irp_MCU_Faults_29bit:
 107 0000 4C000000 	 .word CAN_IRP_29bit+76
 108              	 .comm DC_Current_irp,2,2
 109              	 .comm MotorPower_Irp,2,2
 110              	 .comm Torque_Estimation,2,2
 111              	 .comm DC_Voltage_irp,2,2
 112              	 .comm Mcu_Temp_Irp,2,2
 113              	 .comm Motor_Temp_Irp,2,2
 114              	 .comm RPM,2,2
 115              	 .comm Regenration_flag,1,1
 116              	 .comm hv_count,2,2
 117              	 .comm BMS_Avg_temp,4,4
 118              	 .comm AC_ON_4g,1,1
 119              	 .comm speed_4g,2,2
 120              	 .section .text.clusterFault_Indicator,"ax",%progbits
 121              	 .align 2
 122              	 .global clusterFault_Indicator
 123              	 .thumb
 124              	 .thumb_func
 126              	clusterFault_Indicator:
 127              	.LFB605:
 128              	 .file 1 "../VCU_PROCESS/Faults_Process.c"
   1:../VCU_PROCESS/Faults_Process.c **** /*
   2:../VCU_PROCESS/Faults_Process.c ****  * Faults_Process.c
   3:../VCU_PROCESS/Faults_Process.c ****  *
   4:../VCU_PROCESS/Faults_Process.c ****  *  Created on: 30-Sep-2023
   5:../VCU_PROCESS/Faults_Process.c ****  *      Author: Suchit Sawant
   6:../VCU_PROCESS/Faults_Process.c ****  */
   7:../VCU_PROCESS/Faults_Process.c **** 
   8:../VCU_PROCESS/Faults_Process.c **** #include "Vcu_Process.h"
   9:../VCU_PROCESS/Faults_Process.c **** #include "Vcu_Config.h"
  10:../VCU_PROCESS/Faults_Process.c **** #include "can_matrix.h"
  11:../VCU_PROCESS/Faults_Process.c **** 
  12:../VCU_PROCESS/Faults_Process.c **** 
  13:../VCU_PROCESS/Faults_Process.c **** bmsFault1_t *bmsFault1 = &CAN_BMS_29bit[CAN_0X1814A7F3].CAN_Data[0];
  14:../VCU_PROCESS/Faults_Process.c **** bmsFault2_t *bmsFault2 = &CAN_BMS_29bit[CAN_0X1815A7F3].CAN_Data[0];
  15:../VCU_PROCESS/Faults_Process.c **** GtakeFault_t *GtakeFaults = &CAN_Gtake_29bit[CAN_id0x8000221].CAN_Data[2];
  16:../VCU_PROCESS/Faults_Process.c **** 
  17:../VCU_PROCESS/Faults_Process.c **** allFault_indicator_t allFault_indicator;
  18:../VCU_PROCESS/Faults_Process.c **** cluster_Fault_Indicator_t *cluster_Fault_Indicator = &CAN_MSG_DB[CAN_18FED911].CAN_Data[6];
  19:../VCU_PROCESS/Faults_Process.c **** 
  20:../VCU_PROCESS/Faults_Process.c **** IRP_Mcu_rx_id0x30_t *Irp_MCU_Faults_29bit = &CAN_IRP_29bit[CAN_id0x30].CAN_Data[0];
  21:../VCU_PROCESS/Faults_Process.c **** 
  22:../VCU_PROCESS/Faults_Process.c **** 
  23:../VCU_PROCESS/Faults_Process.c **** void clusterFault_Indicator(void)
  24:../VCU_PROCESS/Faults_Process.c **** {
 129              	 .loc 1 24 0
 130              	 .cfi_startproc
 131              	 
 132              	 
 133              	 
 134 0000 80B4     	 push {r7}
 135              	.LCFI0:
 136              	 .cfi_def_cfa_offset 4
 137              	 .cfi_offset 7,-4
 138 0002 00AF     	 add r7,sp,#0
 139              	.LCFI1:
 140              	 .cfi_def_cfa_register 7
  25:../VCU_PROCESS/Faults_Process.c **** 	/* cluster fault screen */
  26:../VCU_PROCESS/Faults_Process.c **** 
  27:../VCU_PROCESS/Faults_Process.c **** 	if(allFault_indicator.Hvbatt_Fault && allFault_indicator.Mcu_Fault)
 141              	 .loc 1 27 0
 142 0004 0C4B     	 ldr r3,.L4
 143 0006 5B78     	 ldrb r3,[r3,#1]
 144 0008 002B     	 cmp r3,#0
 145 000a 08D0     	 beq .L2
 146              	 .loc 1 27 0 is_stmt 0 discriminator 1
 147 000c 0A4B     	 ldr r3,.L4
 148 000e 9B78     	 ldrb r3,[r3,#2]
 149 0010 002B     	 cmp r3,#0
 150 0012 04D0     	 beq .L2
  28:../VCU_PROCESS/Faults_Process.c **** 		cluster_Fault_Indicator ->cluster_Fault_Indicator = 100;
 151              	 .loc 1 28 0 is_stmt 1
 152 0014 094B     	 ldr r3,.L4+4
 153 0016 1B68     	 ldr r3,[r3]
 154 0018 6422     	 movs r2,#100
 155 001a 1A70     	 strb r2,[r3]
 156 001c 08E0     	 b .L1
 157              	.L2:
  29:../VCU_PROCESS/Faults_Process.c **** 	else
  30:../VCU_PROCESS/Faults_Process.c **** 		cluster_Fault_Indicator ->cluster_Fault_Indicator = allFault_indicator.Hvbatt_Fault + allFault_in
 158              	 .loc 1 30 0
 159 001e 074B     	 ldr r3,.L4+4
 160 0020 1B68     	 ldr r3,[r3]
 161 0022 054A     	 ldr r2,.L4
 162 0024 5178     	 ldrb r1,[r2,#1]
 163 0026 044A     	 ldr r2,.L4
 164 0028 9278     	 ldrb r2,[r2,#2]
 165 002a 0A44     	 add r2,r2,r1
 166 002c D2B2     	 uxtb r2,r2
 167 002e 1A70     	 strb r2,[r3]
 168              	.L1:
  31:../VCU_PROCESS/Faults_Process.c **** }
 169              	 .loc 1 31 0
 170 0030 BD46     	 mov sp,r7
 171              	.LCFI2:
 172              	 .cfi_def_cfa_register 13
 173              	 
 174 0032 5DF8047B 	 ldr r7,[sp],#4
 175              	.LCFI3:
 176              	 .cfi_restore 7
 177              	 .cfi_def_cfa_offset 0
 178 0036 7047     	 bx lr
 179              	.L5:
 180              	 .align 2
 181              	.L4:
 182 0038 00000000 	 .word allFault_indicator
 183 003c 00000000 	 .word cluster_Fault_Indicator
 184              	 .cfi_endproc
 185              	.LFE605:
 187              	 .section .text.HighVoltBattery_FaultIndicator,"ax",%progbits
 188              	 .align 2
 189              	 .global HighVoltBattery_FaultIndicator
 190              	 .thumb
 191              	 .thumb_func
 193              	HighVoltBattery_FaultIndicator:
 194              	.LFB606:
  32:../VCU_PROCESS/Faults_Process.c **** 
  33:../VCU_PROCESS/Faults_Process.c **** void HighVoltBattery_FaultIndicator(void)
  34:../VCU_PROCESS/Faults_Process.c **** {
 195              	 .loc 1 34 0
 196              	 .cfi_startproc
 197              	 
 198              	 
 199              	 
 200 0000 80B4     	 push {r7}
 201              	.LCFI4:
 202              	 .cfi_def_cfa_offset 4
 203              	 .cfi_offset 7,-4
 204 0002 00AF     	 add r7,sp,#0
 205              	.LCFI5:
 206              	 .cfi_def_cfa_register 7
  35:../VCU_PROCESS/Faults_Process.c **** 	allFault_indicator.Hvbatt_Fault = 0;
 207              	 .loc 1 35 0
 208 0004 0C4B     	 ldr r3,.L9
 209 0006 0022     	 movs r2,#0
 210 0008 5A70     	 strb r2,[r3,#1]
  36:../VCU_PROCESS/Faults_Process.c **** 	/* all bms faults & alarm */
  37:../VCU_PROCESS/Faults_Process.c **** 
  38:../VCU_PROCESS/Faults_Process.c **** 	if(CAN_BMS_29bit[CAN_0X1814A7F3].CAN_Data[0] || CAN_BMS_29bit[CAN_0X1814A7F3].CAN_Data[1] || CAN_B
 211              	 .loc 1 38 0
 212 000a 0C4B     	 ldr r3,.L9+4
 213 000c 93F84030 	 ldrb r3,[r3,#64]
 214 0010 002B     	 cmp r3,#0
 215 0012 09D1     	 bne .L7
 216              	 .loc 1 38 0 is_stmt 0 discriminator 1
 217 0014 094B     	 ldr r3,.L9+4
 218 0016 93F84130 	 ldrb r3,[r3,#65]
 219 001a 002B     	 cmp r3,#0
 220 001c 04D1     	 bne .L7
 221              	 .loc 1 38 0 discriminator 2
 222 001e 074B     	 ldr r3,.L9+4
 223 0020 93F84230 	 ldrb r3,[r3,#66]
 224 0024 002B     	 cmp r3,#0
 225 0026 02D0     	 beq .L6
 226              	.L7:
  39:../VCU_PROCESS/Faults_Process.c **** 	{
  40:../VCU_PROCESS/Faults_Process.c **** 		// battery all faults
  41:../VCU_PROCESS/Faults_Process.c **** 		allFault_indicator.Hvbatt_Fault = 101;
 227              	 .loc 1 41 0 is_stmt 1
 228 0028 034B     	 ldr r3,.L9
 229 002a 6522     	 movs r2,#101
 230 002c 5A70     	 strb r2,[r3,#1]
 231              	.L6:
  42:../VCU_PROCESS/Faults_Process.c **** 	}
  43:../VCU_PROCESS/Faults_Process.c **** }
 232              	 .loc 1 43 0
 233 002e BD46     	 mov sp,r7
 234              	.LCFI6:
 235              	 .cfi_def_cfa_register 13
 236              	 
 237 0030 5DF8047B 	 ldr r7,[sp],#4
 238              	.LCFI7:
 239              	 .cfi_restore 7
 240              	 .cfi_def_cfa_offset 0
 241 0034 7047     	 bx lr
 242              	.L10:
 243 0036 00BF     	 .align 2
 244              	.L9:
 245 0038 00000000 	 .word allFault_indicator
 246 003c 00000000 	 .word CAN_BMS_29bit
 247              	 .cfi_endproc
 248              	.LFE606:
 250              	 .section .text.Gtake_FaultIndicator,"ax",%progbits
 251              	 .align 2
 252              	 .global Gtake_FaultIndicator
 253              	 .thumb
 254              	 .thumb_func
 256              	Gtake_FaultIndicator:
 257              	.LFB607:
  44:../VCU_PROCESS/Faults_Process.c **** 
  45:../VCU_PROCESS/Faults_Process.c **** void Gtake_FaultIndicator(void)
  46:../VCU_PROCESS/Faults_Process.c **** {
 258              	 .loc 1 46 0
 259              	 .cfi_startproc
 260              	 
 261              	 
 262              	 
 263 0000 80B4     	 push {r7}
 264              	.LCFI8:
 265              	 .cfi_def_cfa_offset 4
 266              	 .cfi_offset 7,-4
 267 0002 00AF     	 add r7,sp,#0
 268              	.LCFI9:
 269              	 .cfi_def_cfa_register 7
  47:../VCU_PROCESS/Faults_Process.c **** 	allFault_indicator.Mcu_Fault = 0;
 270              	 .loc 1 47 0
 271 0004 064B     	 ldr r3,.L13
 272 0006 0022     	 movs r2,#0
 273 0008 9A70     	 strb r2,[r3,#2]
  48:../VCU_PROCESS/Faults_Process.c **** 	if(CAN_Gtake_29bit[CAN_id0x8000221].CAN_Data[2])
 274              	 .loc 1 48 0
 275 000a 064B     	 ldr r3,.L13+4
 276 000c 9B7F     	 ldrb r3,[r3,#30]
 277 000e 002B     	 cmp r3,#0
 278 0010 02D0     	 beq .L11
  49:../VCU_PROCESS/Faults_Process.c **** 	{
  50:../VCU_PROCESS/Faults_Process.c **** 		// Gtake faults
  51:../VCU_PROCESS/Faults_Process.c **** 		allFault_indicator.Mcu_Fault = 102;
 279              	 .loc 1 51 0
 280 0012 034B     	 ldr r3,.L13
 281 0014 6622     	 movs r2,#102
 282 0016 9A70     	 strb r2,[r3,#2]
 283              	.L11:
  52:../VCU_PROCESS/Faults_Process.c **** 	}
  53:../VCU_PROCESS/Faults_Process.c **** }
 284              	 .loc 1 53 0
 285 0018 BD46     	 mov sp,r7
 286              	.LCFI10:
 287              	 .cfi_def_cfa_register 13
 288              	 
 289 001a 5DF8047B 	 ldr r7,[sp],#4
 290              	.LCFI11:
 291              	 .cfi_restore 7
 292              	 .cfi_def_cfa_offset 0
 293 001e 7047     	 bx lr
 294              	.L14:
 295              	 .align 2
 296              	.L13:
 297 0020 00000000 	 .word allFault_indicator
 298 0024 00000000 	 .word CAN_Gtake_29bit
 299              	 .cfi_endproc
 300              	.LFE607:
 302              	 .section .text.Irp_FaultIndicator,"ax",%progbits
 303              	 .align 2
 304              	 .global Irp_FaultIndicator
 305              	 .thumb
 306              	 .thumb_func
 308              	Irp_FaultIndicator:
 309              	.LFB608:
  54:../VCU_PROCESS/Faults_Process.c **** 
  55:../VCU_PROCESS/Faults_Process.c **** void Irp_FaultIndicator(void)
  56:../VCU_PROCESS/Faults_Process.c **** {
 310              	 .loc 1 56 0
 311              	 .cfi_startproc
 312              	 
 313              	 
 314              	 
 315 0000 80B4     	 push {r7}
 316              	.LCFI12:
 317              	 .cfi_def_cfa_offset 4
 318              	 .cfi_offset 7,-4
 319 0002 00AF     	 add r7,sp,#0
 320              	.LCFI13:
 321              	 .cfi_def_cfa_register 7
  57:../VCU_PROCESS/Faults_Process.c **** 	allFault_indicator.Mcu_Fault = 0;
 322              	 .loc 1 57 0
 323 0004 0C4B     	 ldr r3,.L18
 324 0006 0022     	 movs r2,#0
 325 0008 9A70     	 strb r2,[r3,#2]
  58:../VCU_PROCESS/Faults_Process.c **** 	if(Irp_MCU_Faults_29bit->FLT_MotorOverTemp || Irp_MCU_Faults_29bit->FLT_ControllerOverTemp)
 326              	 .loc 1 58 0
 327 000a 0C4B     	 ldr r3,.L18+4
 328 000c 1B68     	 ldr r3,[r3]
 329 000e 1B78     	 ldrb r3,[r3]
 330 0010 C3F30003 	 ubfx r3,r3,#0,#1
 331 0014 DBB2     	 uxtb r3,r3
 332 0016 002B     	 cmp r3,#0
 333 0018 07D1     	 bne .L16
 334              	 .loc 1 58 0 is_stmt 0 discriminator 1
 335 001a 084B     	 ldr r3,.L18+4
 336 001c 1B68     	 ldr r3,[r3]
 337 001e 1B78     	 ldrb r3,[r3]
 338 0020 C3F3C003 	 ubfx r3,r3,#3,#1
 339 0024 DBB2     	 uxtb r3,r3
 340 0026 002B     	 cmp r3,#0
 341 0028 02D0     	 beq .L15
 342              	.L16:
  59:../VCU_PROCESS/Faults_Process.c **** 	{
  60:../VCU_PROCESS/Faults_Process.c **** 		allFault_indicator.Mcu_Fault = 102;
 343              	 .loc 1 60 0 is_stmt 1
 344 002a 034B     	 ldr r3,.L18
 345 002c 6622     	 movs r2,#102
 346 002e 9A70     	 strb r2,[r3,#2]
 347              	.L15:
  61:../VCU_PROCESS/Faults_Process.c **** 	}
  62:../VCU_PROCESS/Faults_Process.c **** }
 348              	 .loc 1 62 0
 349 0030 BD46     	 mov sp,r7
 350              	.LCFI14:
 351              	 .cfi_def_cfa_register 13
 352              	 
 353 0032 5DF8047B 	 ldr r7,[sp],#4
 354              	.LCFI15:
 355              	 .cfi_restore 7
 356              	 .cfi_def_cfa_offset 0
 357 0036 7047     	 bx lr
 358              	.L19:
 359              	 .align 2
 360              	.L18:
 361 0038 00000000 	 .word allFault_indicator
 362 003c 00000000 	 .word Irp_MCU_Faults_29bit
 363              	 .cfi_endproc
 364              	.LFE608:
 366              	 .section .text.Mcu_FaultIndicator,"ax",%progbits
 367              	 .align 2
 368              	 .global Mcu_FaultIndicator
 369              	 .thumb
 370              	 .thumb_func
 372              	Mcu_FaultIndicator:
 373              	.LFB609:
  63:../VCU_PROCESS/Faults_Process.c **** 
  64:../VCU_PROCESS/Faults_Process.c **** void Mcu_FaultIndicator(void)
  65:../VCU_PROCESS/Faults_Process.c **** {
 374              	 .loc 1 65 0
 375              	 .cfi_startproc
 376              	 
 377              	 
 378 0000 80B5     	 push {r7,lr}
 379              	.LCFI16:
 380              	 .cfi_def_cfa_offset 8
 381              	 .cfi_offset 7,-8
 382              	 .cfi_offset 14,-4
 383 0002 00AF     	 add r7,sp,#0
 384              	.LCFI17:
 385              	 .cfi_def_cfa_register 7
  66:../VCU_PROCESS/Faults_Process.c **** 	//Gtake_FaultIndicator();
  67:../VCU_PROCESS/Faults_Process.c **** 	Irp_FaultIndicator();
 386              	 .loc 1 67 0
 387 0004 FFF7FEFF 	 bl Irp_FaultIndicator
  68:../VCU_PROCESS/Faults_Process.c **** }
 388              	 .loc 1 68 0
 389 0008 80BD     	 pop {r7,pc}
 390              	 .cfi_endproc
 391              	.LFE609:
 393 000a 00BF     	 .section .text.allFaults_Process,"ax",%progbits
 394              	 .align 2
 395              	 .global allFaults_Process
 396              	 .thumb
 397              	 .thumb_func
 399              	allFaults_Process:
 400              	.LFB610:
  69:../VCU_PROCESS/Faults_Process.c **** 
  70:../VCU_PROCESS/Faults_Process.c **** void allFaults_Process(void)
  71:../VCU_PROCESS/Faults_Process.c **** {
 401              	 .loc 1 71 0
 402              	 .cfi_startproc
 403              	 
 404              	 
 405              	 
 406 0000 80B4     	 push {r7}
 407              	.LCFI18:
 408              	 .cfi_def_cfa_offset 4
 409              	 .cfi_offset 7,-4
 410 0002 00AF     	 add r7,sp,#0
 411              	.LCFI19:
 412              	 .cfi_def_cfa_register 7
  72:../VCU_PROCESS/Faults_Process.c **** //	HighVoltBattery_FaultIndicator();
  73:../VCU_PROCESS/Faults_Process.c **** //	Mcu_FaultIndicator();
  74:../VCU_PROCESS/Faults_Process.c **** //	clusterFault_Indicator();
  75:../VCU_PROCESS/Faults_Process.c **** }
 413              	 .loc 1 75 0
 414 0004 BD46     	 mov sp,r7
 415              	.LCFI20:
 416              	 .cfi_def_cfa_register 13
 417              	 
 418 0006 5DF8047B 	 ldr r7,[sp],#4
 419              	.LCFI21:
 420              	 .cfi_restore 7
 421              	 .cfi_def_cfa_offset 0
 422 000a 7047     	 bx lr
 423              	 .cfi_endproc
 424              	.LFE610:
 426              	 .text
 427              	.Letext0:
 428              	 .file 2 "c:\\infineon\\tools\\dave ide\\4.5.0.202105191637\\eclipse\\arm-gcc-49\\arm-none-eabi\\include\\machine\\_default_types.h"
 429              	 .file 3 "c:\\infineon\\tools\\dave ide\\4.5.0.202105191637\\eclipse\\arm-gcc-49\\arm-none-eabi\\include\\stdint.h"
 430              	 .file 4 "D:/Projects/VCU Firmware Main/IRP/Git Repo/VCU14_29bit_overCAN_withIRP_new4g_proto26_adding_All10sec_data/Libraries/XMCLib/inc/xmc_usic.h"
 431              	 .file 5 "c:\\infineon\\tools\\dave ide\\4.5.0.202105191637\\eclipse\\arm-gcc-49\\arm-none-eabi\\include\\sys\\types.h"
 432              	 .file 6 "D:/Projects/VCU Firmware Main/IRP/Git Repo/VCU14_29bit_overCAN_withIRP_new4g_proto26_adding_All10sec_data/Libraries/XMCLib/inc/xmc_rtc.h"
 433              	 .file 7 "D:/Projects/VCU Firmware Main/IRP/Git Repo/VCU14_29bit_overCAN_withIRP_new4g_proto26_adding_All10sec_data/Libraries/XMCLib/inc/xmc_spi.h"
 434              	 .file 8 "D:/Projects/VCU Firmware Main/IRP/Git Repo/VCU14_29bit_overCAN_withIRP_new4g_proto26_adding_All10sec_data/Vcu_Config.h"
 435              	 .file 9 "D:/Projects/VCU Firmware Main/IRP/Git Repo/VCU14_29bit_overCAN_withIRP_new4g_proto26_adding_All10sec_data/can_matrix.h"
 436              	 .file 10 "D:/Projects/VCU Firmware Main/IRP/Git Repo/VCU14_29bit_overCAN_withIRP_new4g_proto26_adding_All10sec_data/Libraries/CMSIS/Include/cmsis_gcc.h"
 437              	 .file 11 "D:/Projects/VCU Firmware Main/IRP/Git Repo/VCU14_29bit_overCAN_withIRP_new4g_proto26_adding_All10sec_data/Libraries/CMSIS/Include/core_cm4.h"
 438              	 .file 12 "D:/Projects/VCU Firmware Main/IRP/Git Repo/VCU14_29bit_overCAN_withIRP_new4g_proto26_adding_All10sec_data/Libraries/CMSIS/Infineon/XMC4700_series/Include/system_XMC4700.h"
DEFINED SYMBOLS
                            *ABS*:00000000 Faults_Process.c
                            *COM*:00000004 cluster_door_in
                            *COM*:00000003 Vcu_OutPuts
                            *COM*:00000008 Combi_Switch_IN
                            *COM*:00000003 Seat_Switch_IN
                            *COM*:00000007 Door_Switch_IN
                            *COM*:0000002f Relay_Control_Switch_OUT
                            *COM*:00000018 Hvac_IN
                            *COM*:00000014 Switch_Ios_IN
                            *COM*:00000005 Motor_controller_OUT
                            *COM*:00000008 Lights_OUT
                            *COM*:00000008 Sensors_OUT
                            *COM*:00000006 Aux_Inputs
                            *COM*:00000012 Instrument_Cluster_OUT
                            *COM*:00000003 Seat_Belt_OUT
                            *COM*:00000004 Gear_OUT
                            *COM*:00000004 Instrumetcluster_DriveMode_OUT
                            *COM*:00000007 Door_Switch_OUT
                            *COM*:00000007 instrument_cluster_doorsvar
                            *COM*:00000004 cluster_door_out
                            *COM*:00000008 current_time
                            *COM*:00000008 timeval
                            *COM*:00000010 GPS_data_val
                            *COM*:00000004 epoch
                            *COM*:00000001 ambient_temp
                            *COM*:00000001 BMS_SOC
                            *COM*:0000003c CAN_MSG_DB_HVAC
                            *COM*:00000004 eps_status
                            *COM*:00000001 instrument_clustor_doors
                            *COM*:00000084 CAN_BMS_29bit
                            *COM*:00000084 CAN_IRP_29bit
                            *COM*:00000001 charge_complete
                            *COM*:00000001 charging_started
                            *COM*:00000002 Bms_SOC
                            *COM*:00000002 Bms_SOH
                            *COM*:00000001 Mapped_BMS_SOC
                            *COM*:00000002 Bms_minTemp
                            *COM*:00000002 Bms_maxTemp
                            *COM*:00000004 PackCurrent
                            *COM*:00000004 PackVoltage
                            *COM*:00000002 RegenerativeCurrentLimit
                            *COM*:00000002 ChargeCurrentLimit
                            *COM*:00000002 DischargeCurrentLimit
                            *COM*:00000004 HvBatteryPower
    {standard input}:67     .data.bmsFault1:00000000 bmsFault1
    {standard input}:64     .data.bmsFault1:00000000 $d
    {standard input}:74     .data.bmsFault2:00000000 bmsFault2
    {standard input}:71     .data.bmsFault2:00000000 $d
    {standard input}:81     .data.GtakeFaults:00000000 GtakeFaults
    {standard input}:78     .data.GtakeFaults:00000000 $d
                            *COM*:00000003 allFault_indicator
    {standard input}:89     .data.cluster_Fault_Indicator:00000000 cluster_Fault_Indicator
    {standard input}:86     .data.cluster_Fault_Indicator:00000000 $d
                            *COM*:00000004 Mcu_Temp
                            *COM*:00000004 Motor_Temp
                            *COM*:00000002 VehicleSpeedglb
                            *COM*:0000003c OBDII_CAN
                            *COM*:00000002 OBD_data
                            *COM*:00000004 Irp_Mcu_drive_states_29bit
                            *COM*:00000004 Irp_Mcu_BMS_states_29bit
                            *COM*:00000004 Irp_Mcu_Torques_29bit
                            *COM*:00000004 Irp_Mcu_BMS_Currents_29bit
                            *COM*:00000004 Irp_MCU_Status_29bit
    {standard input}:106    .data.Irp_MCU_Faults_29bit:00000000 Irp_MCU_Faults_29bit
    {standard input}:103    .data.Irp_MCU_Faults_29bit:00000000 $d
                            *COM*:00000002 DC_Current_irp
                            *COM*:00000002 MotorPower_Irp
                            *COM*:00000002 Torque_Estimation
                            *COM*:00000002 DC_Voltage_irp
                            *COM*:00000002 Mcu_Temp_Irp
                            *COM*:00000002 Motor_Temp_Irp
                            *COM*:00000002 RPM
                            *COM*:00000001 Regenration_flag
                            *COM*:00000002 hv_count
                            *COM*:00000004 BMS_Avg_temp
                            *COM*:00000001 AC_ON_4g
                            *COM*:00000002 speed_4g
    {standard input}:121    .text.clusterFault_Indicator:00000000 $t
    {standard input}:126    .text.clusterFault_Indicator:00000000 clusterFault_Indicator
    {standard input}:182    .text.clusterFault_Indicator:00000038 $d
    {standard input}:188    .text.HighVoltBattery_FaultIndicator:00000000 $t
    {standard input}:193    .text.HighVoltBattery_FaultIndicator:00000000 HighVoltBattery_FaultIndicator
    {standard input}:245    .text.HighVoltBattery_FaultIndicator:00000038 $d
    {standard input}:251    .text.Gtake_FaultIndicator:00000000 $t
    {standard input}:256    .text.Gtake_FaultIndicator:00000000 Gtake_FaultIndicator
    {standard input}:297    .text.Gtake_FaultIndicator:00000020 $d
    {standard input}:303    .text.Irp_FaultIndicator:00000000 $t
    {standard input}:308    .text.Irp_FaultIndicator:00000000 Irp_FaultIndicator
    {standard input}:361    .text.Irp_FaultIndicator:00000038 $d
    {standard input}:367    .text.Mcu_FaultIndicator:00000000 $t
    {standard input}:372    .text.Mcu_FaultIndicator:00000000 Mcu_FaultIndicator
    {standard input}:394    .text.allFaults_Process:00000000 $t
    {standard input}:399    .text.allFaults_Process:00000000 allFaults_Process
                     .debug_frame:00000010 $d

UNDEFINED SYMBOLS
CAN_Gtake_29bit
CAN_MSG_DB
