   1              	 .syntax unified
   2              	 .cpu cortex-m4
   3              	 .eabi_attribute 27,3
   4              	 .fpu fpv4-sp-d16
   5              	 .eabi_attribute 20,1
   6              	 .eabi_attribute 21,1
   7              	 .eabi_attribute 23,3
   8              	 .eabi_attribute 24,1
   9              	 .eabi_attribute 25,1
  10              	 .eabi_attribute 26,1
  11              	 .eabi_attribute 30,6
  12              	 .eabi_attribute 34,1
  13              	 .eabi_attribute 18,4
  14              	 .thumb
  15              	 .file "Vcu_Process.c"
  16              	 .text
  17              	.Ltext0:
  18              	 .cfi_sections .debug_frame
  19              	 .global cluster_door_in
  20              	 .section .data.cluster_door_in,"aw",%progbits
  21              	 .align 2
  24              	cluster_door_in:
  25 0000 58000000 	 .word CAN_MSG_DB+88
  26              	 .comm Vcu_OutPuts,3,4
  27              	 .comm Combi_Switch_IN,8,4
  28              	 .comm Seat_Switch_IN,3,4
  29              	 .comm Door_Switch_IN,7,4
  30              	 .comm Relay_Control_Switch_OUT,47,4
  31              	 .comm Hvac_IN,24,4
  32              	 .comm Switch_Ios_IN,20,4
  33              	 .comm Motor_controller_OUT,5,4
  34              	 .comm Lights_OUT,8,4
  35              	 .comm Sensors_OUT,8,4
  36              	 .comm Aux_Inputs,6,4
  37              	 .comm Instrument_Cluster_OUT,18,4
  38              	 .comm Seat_Belt_OUT,3,4
  39              	 .comm Gear_OUT,4,4
  40              	 .comm Instrumetcluster_DriveMode_OUT,4,4
  41              	 .comm Door_Switch_OUT,7,4
  42              	 .comm instrument_cluster_doorsvar,7,4
  43              	 .comm cluster_door_out,4,4
  44              	 .comm current_time,8,4
  45              	 .comm timeval,8,4
  46              	 .comm GPS_data_val,16,4
  47              	 .comm epoch,4,4
  48              	 .comm ambient_temp,1,1
  49              	 .comm BMS_SOC,1,1
  50              	 .comm CAN_MSG_DB_HVAC,60,4
  51              	 .comm eps_status,4,4
  52              	 .comm instrument_clustor_doors,1,1
  53              	 .comm CAN_BMS_29bit,132,4
  54              	 .comm CAN_IRP_29bit,132,4
  55              	 .comm charge_complete,1,1
  56              	 .comm charging_started,1,1
  57              	 .comm Bms_SOC,2,2
  58              	 .comm Bms_SOH,2,2
  59              	 .comm Mapped_BMS_SOC,1,1
  60              	 .comm Bms_minTemp,2,2
  61              	 .comm Bms_maxTemp,2,2
  62              	 .comm PackCurrent,4,4
  63              	 .comm PackVoltage,4,4
  64              	 .comm RegenerativeCurrentLimit,2,2
  65              	 .comm ChargeCurrentLimit,2,2
  66              	 .comm DischargeCurrentLimit,2,2
  67              	 .comm HvBatteryPower,4,4
  68              	 .comm bmsFault1,4,4
  69              	 .comm bmsFault2,4,4
  70              	 .comm GtakeFaults,4,4
  71              	 .comm allFault_indicator,3,4
  72              	 .comm cluster_Fault_Indicator,4,4
  73              	 .comm Mcu_Temp,4,4
  74              	 .comm Motor_Temp,4,4
  75              	 .comm VehicleSpeedglb,2,2
  76              	 .comm OBDII_CAN,60,4
  77              	 .comm OBD_data,2,2
  78              	 .comm Irp_Mcu_drive_states_29bit,4,4
  79              	 .comm Irp_Mcu_BMS_states_29bit,4,4
  80              	 .comm Irp_Mcu_Torques_29bit,4,4
  81              	 .comm Irp_Mcu_BMS_Currents_29bit,4,4
  82              	 .comm Irp_MCU_Status_29bit,4,4
  83              	 .comm Irp_MCU_Faults_29bit,4,4
  84              	 .comm DC_Current_irp,2,2
  85              	 .comm MotorPower_Irp,2,2
  86              	 .comm Torque_Estimation,2,2
  87              	 .comm DC_Voltage_irp,2,2
  88              	 .comm Mcu_Temp_Irp,2,2
  89              	 .comm Motor_Temp_Irp,2,2
  90              	 .comm RPM,2,2
  91              	 .comm Regenration_flag,1,1
  92              	 .comm hv_count,2,2
  93              	 .comm BMS_Avg_temp,4,4
  94              	 .comm AC_ON_4g,1,1
  95              	 .comm speed_4g,2,2
  96              	 .section .text.Process_VcuOutputs_Update,"ax",%progbits
  97              	 .align 2
  98              	 .global Process_VcuOutputs_Update
  99              	 .thumb
 100              	 .thumb_func
 102              	Process_VcuOutputs_Update:
 103              	.LFB605:
 104              	 .file 1 "../VCU_PROCESS/Vcu_Process.c"
   1:../VCU_PROCESS/Vcu_Process.c **** /*
   2:../VCU_PROCESS/Vcu_Process.c ****  * Vcu_Process.c
   3:../VCU_PROCESS/Vcu_Process.c ****  *
   4:../VCU_PROCESS/Vcu_Process.c ****  *  Created on: 27-Jun-2023
   5:../VCU_PROCESS/Vcu_Process.c ****  *      Author: Suchit Sawant
   6:../VCU_PROCESS/Vcu_Process.c ****  */
   7:../VCU_PROCESS/Vcu_Process.c **** #include "Vcu_Process.h"
   8:../VCU_PROCESS/Vcu_Process.c **** #include "Vcu_Config.h"
   9:../VCU_PROCESS/Vcu_Process.c **** #include "can_matrix.h"
  10:../VCU_PROCESS/Vcu_Process.c **** 
  11:../VCU_PROCESS/Vcu_Process.c **** 
  12:../VCU_PROCESS/Vcu_Process.c **** int *cluster_door_in = &CAN_MSG_DB[CAN_18FF2121].CAN_Data[0];
  13:../VCU_PROCESS/Vcu_Process.c **** 
  14:../VCU_PROCESS/Vcu_Process.c **** void Process_VcuOutputs_Update(void)
  15:../VCU_PROCESS/Vcu_Process.c **** {
 105              	 .loc 1 15 0
 106              	 .cfi_startproc
 107              	 
 108              	 
 109 0000 80B5     	 push {r7,lr}
 110              	.LCFI0:
 111              	 .cfi_def_cfa_offset 8
 112              	 .cfi_offset 7,-8
 113              	 .cfi_offset 14,-4
 114 0002 00AF     	 add r7,sp,#0
 115              	.LCFI1:
 116              	 .cfi_def_cfa_register 7
  16:../VCU_PROCESS/Vcu_Process.c **** 	allFaults_Process();
 117              	 .loc 1 16 0
 118 0004 FFF7FEFF 	 bl allFaults_Process
  17:../VCU_PROCESS/Vcu_Process.c **** 
  18:../VCU_PROCESS/Vcu_Process.c **** 	Vcu_OutPuts.charger_connect_OUT = charger_on();
 119              	 .loc 1 18 0
 120 0008 FFF7FEFF 	 bl charger_on
 121 000c 0346     	 mov r3,r0
 122 000e 002B     	 cmp r3,#0
 123 0010 14BF     	 ite ne
 124 0012 0123     	 movne r3,#1
 125 0014 0023     	 moveq r3,#0
 126 0016 DAB2     	 uxtb r2,r3
 127 0018 2A4B     	 ldr r3,.L11
 128 001a 9A70     	 strb r2,[r3,#2]
  19:../VCU_PROCESS/Vcu_Process.c **** 	Vcu_OutPuts.IGNITION_1_OUT = Vcu_InPuts.IGNITION_1_IN;
 129              	 .loc 1 19 0
 130 001c 2A4B     	 ldr r3,.L11+4
 131 001e 1A78     	 ldrb r2,[r3]
 132 0020 284B     	 ldr r3,.L11
 133 0022 1A70     	 strb r2,[r3]
  20:../VCU_PROCESS/Vcu_Process.c **** 
  21:../VCU_PROCESS/Vcu_Process.c **** 	Relay_Control_Switch_OUT.elec_handbrake_pwr_out = (Switch_Ios_IN.handbrake_sw_IN || Switch_Ios_IN.
 134              	 .loc 1 21 0
 135 0024 294B     	 ldr r3,.L11+8
 136 0026 1B7A     	 ldrb r3,[r3,#8]
 137 0028 002B     	 cmp r3,#0
 138 002a 03D1     	 bne .L2
 139              	 .loc 1 21 0 is_stmt 0 discriminator 2
 140 002c 274B     	 ldr r3,.L11+8
 141 002e 5B79     	 ldrb r3,[r3,#5]
 142 0030 002B     	 cmp r3,#0
 143 0032 01D0     	 beq .L3
 144              	.L2:
 145              	 .loc 1 21 0 discriminator 3
 146 0034 0123     	 movs r3,#1
 147 0036 00E0     	 b .L4
 148              	.L3:
 149              	 .loc 1 21 0 discriminator 4
 150 0038 0023     	 movs r3,#0
 151              	.L4:
 152              	 .loc 1 21 0 discriminator 6
 153 003a 03F00103 	 and r3,r3,#1
 154 003e DAB2     	 uxtb r2,r3
 155 0040 234B     	 ldr r3,.L11+12
 156 0042 83F82520 	 strb r2,[r3,#37]
  22:../VCU_PROCESS/Vcu_Process.c **** 
  23:../VCU_PROCESS/Vcu_Process.c **** 	if(!Vcu_OutPuts.charger_connect_OUT)
 157              	 .loc 1 23 0 is_stmt 1 discriminator 6
 158 0046 1F4B     	 ldr r3,.L11
 159 0048 9B78     	 ldrb r3,[r3,#2]
 160 004a 83F00103 	 eor r3,r3,#1
 161 004e DBB2     	 uxtb r3,r3
 162 0050 002B     	 cmp r3,#0
 163 0052 04D0     	 beq .L5
  24:../VCU_PROCESS/Vcu_Process.c **** 		Vcu_OutPuts.IGNITION_2_OUT = Vcu_InPuts.IGNITION_2_IN;
 164              	 .loc 1 24 0
 165 0054 1C4B     	 ldr r3,.L11+4
 166 0056 5A78     	 ldrb r2,[r3,#1]
 167 0058 1A4B     	 ldr r3,.L11
 168 005a 5A70     	 strb r2,[r3,#1]
 169 005c 02E0     	 b .L6
 170              	.L5:
  25:../VCU_PROCESS/Vcu_Process.c **** 	else
  26:../VCU_PROCESS/Vcu_Process.c **** 		Vcu_OutPuts.IGNITION_2_OUT = false;
 171              	 .loc 1 26 0
 172 005e 194B     	 ldr r3,.L11
 173 0060 0022     	 movs r2,#0
 174 0062 5A70     	 strb r2,[r3,#1]
 175              	.L6:
  27:../VCU_PROCESS/Vcu_Process.c **** 
  28:../VCU_PROCESS/Vcu_Process.c **** 	if(Vcu_OutPuts.IGNITION_1_OUT || Vcu_OutPuts.IGNITION_2_OUT)
 176              	 .loc 1 28 0
 177 0064 174B     	 ldr r3,.L11
 178 0066 1B78     	 ldrb r3,[r3]
 179 0068 002B     	 cmp r3,#0
 180 006a 03D1     	 bne .L7
 181              	 .loc 1 28 0 is_stmt 0 discriminator 1
 182 006c 154B     	 ldr r3,.L11
 183 006e 5B78     	 ldrb r3,[r3,#1]
 184 0070 002B     	 cmp r3,#0
 185 0072 0FD0     	 beq .L8
 186              	.L7:
  29:../VCU_PROCESS/Vcu_Process.c **** 	{
  30:../VCU_PROCESS/Vcu_Process.c **** 		Lights_OUT.brake_switch_out_d = !Switch_Ios_IN.brake_sw_in_d;
 187              	 .loc 1 30 0 is_stmt 1
 188 0074 154B     	 ldr r3,.L11+8
 189 0076 9B7C     	 ldrb r3,[r3,#18]
 190 0078 002B     	 cmp r3,#0
 191 007a 14BF     	 ite ne
 192 007c 0123     	 movne r3,#1
 193 007e 0023     	 moveq r3,#0
 194 0080 DBB2     	 uxtb r3,r3
 195 0082 83F00103 	 eor r3,r3,#1
 196 0086 DBB2     	 uxtb r3,r3
 197 0088 03F00103 	 and r3,r3,#1
 198 008c DAB2     	 uxtb r2,r3
 199 008e 114B     	 ldr r3,.L11+16
 200 0090 5A70     	 strb r2,[r3,#1]
 201 0092 02E0     	 b .L9
 202              	.L8:
  31:../VCU_PROCESS/Vcu_Process.c **** 	}
  32:../VCU_PROCESS/Vcu_Process.c **** 	else
  33:../VCU_PROCESS/Vcu_Process.c **** 	{
  34:../VCU_PROCESS/Vcu_Process.c **** 		Lights_OUT.brake_switch_out_d = false;
 203              	 .loc 1 34 0
 204 0094 0F4B     	 ldr r3,.L11+16
 205 0096 0022     	 movs r2,#0
 206 0098 5A70     	 strb r2,[r3,#1]
 207              	.L9:
  35:../VCU_PROCESS/Vcu_Process.c **** 	}
  36:../VCU_PROCESS/Vcu_Process.c **** 
  37:../VCU_PROCESS/Vcu_Process.c **** 	if(Vcu_OutPuts.IGNITION_2_OUT && (Vcu_OutPuts.IGNITION_1_OUT == 0))
 208              	 .loc 1 37 0
 209 009a 0A4B     	 ldr r3,.L11
 210 009c 5B78     	 ldrb r3,[r3,#1]
 211 009e 002B     	 cmp r3,#0
 212 00a0 09D0     	 beq .L10
 213              	 .loc 1 37 0 is_stmt 0 discriminator 1
 214 00a2 084B     	 ldr r3,.L11
 215 00a4 1B78     	 ldrb r3,[r3]
 216 00a6 83F00103 	 eor r3,r3,#1
 217 00aa DBB2     	 uxtb r3,r3
 218 00ac 002B     	 cmp r3,#0
 219 00ae 02D0     	 beq .L10
  38:../VCU_PROCESS/Vcu_Process.c **** 	{
  39:../VCU_PROCESS/Vcu_Process.c **** 		Vcu_OutPuts.IGNITION_1_OUT = 1;
 220              	 .loc 1 39 0 is_stmt 1
 221 00b0 044B     	 ldr r3,.L11
 222 00b2 0122     	 movs r2,#1
 223 00b4 1A70     	 strb r2,[r3]
 224              	.L10:
  40:../VCU_PROCESS/Vcu_Process.c **** 	}
  41:../VCU_PROCESS/Vcu_Process.c **** 
  42:../VCU_PROCESS/Vcu_Process.c **** 	all_doors();
 225              	 .loc 1 42 0
 226 00b6 FFF7FEFF 	 bl all_doors
  43:../VCU_PROCESS/Vcu_Process.c **** 
  44:../VCU_PROCESS/Vcu_Process.c **** 	Process_State1_Inputs();
 227              	 .loc 1 44 0
 228 00ba FFF7FEFF 	 bl Process_State1_Inputs
  45:../VCU_PROCESS/Vcu_Process.c **** 	Process_State2_Inputs();
 229              	 .loc 1 45 0
 230 00be FFF7FEFF 	 bl Process_State2_Inputs
  46:../VCU_PROCESS/Vcu_Process.c **** }
 231              	 .loc 1 46 0
 232 00c2 80BD     	 pop {r7,pc}
 233              	.L12:
 234              	 .align 2
 235              	.L11:
 236 00c4 00000000 	 .word Vcu_OutPuts
 237 00c8 00000000 	 .word Vcu_InPuts
 238 00cc 00000000 	 .word Switch_Ios_IN
 239 00d0 00000000 	 .word Relay_Control_Switch_OUT
 240 00d4 00000000 	 .word Lights_OUT
 241              	 .cfi_endproc
 242              	.LFE605:
 244              	 .section .text.all_doors,"ax",%progbits
 245              	 .align 2
 246              	 .global all_doors
 247              	 .thumb
 248              	 .thumb_func
 250              	all_doors:
 251              	.LFB606:
  47:../VCU_PROCESS/Vcu_Process.c **** 
  48:../VCU_PROCESS/Vcu_Process.c **** void all_doors(void)
  49:../VCU_PROCESS/Vcu_Process.c **** {
 252              	 .loc 1 49 0
 253              	 .cfi_startproc
 254              	 
 255              	 
 256 0000 80B5     	 push {r7,lr}
 257              	.LCFI2:
 258              	 .cfi_def_cfa_offset 8
 259              	 .cfi_offset 7,-8
 260              	 .cfi_offset 14,-4
 261 0002 82B0     	 sub sp,sp,#8
 262              	.LCFI3:
 263              	 .cfi_def_cfa_offset 16
 264 0004 00AF     	 add r7,sp,#0
 265              	.LCFI4:
 266              	 .cfi_def_cfa_register 7
  50:../VCU_PROCESS/Vcu_Process.c **** 	int charging = 0;
 267              	 .loc 1 50 0
 268 0006 0023     	 movs r3,#0
 269 0008 7B60     	 str r3,[r7,#4]
  51:../VCU_PROCESS/Vcu_Process.c **** 	Door_Switch_OUT.driver_door_OUT = Door_Switch_IN.driver_door_IN;
 270              	 .loc 1 51 0
 271 000a 344B     	 ldr r3,.L25
 272 000c 5A78     	 ldrb r2,[r3,#1]
 273 000e 344B     	 ldr r3,.L25+4
 274 0010 5A70     	 strb r2,[r3,#1]
  52:../VCU_PROCESS/Vcu_Process.c **** 	Door_Switch_OUT.passenger_door_OUT = Door_Switch_IN.passenger_door_IN;
 275              	 .loc 1 52 0
 276 0012 324B     	 ldr r3,.L25
 277 0014 9A78     	 ldrb r2,[r3,#2]
 278 0016 324B     	 ldr r3,.L25+4
 279 0018 9A70     	 strb r2,[r3,#2]
  53:../VCU_PROCESS/Vcu_Process.c **** 	Door_Switch_OUT.bonnet_OUT = 0;//Door_Switch_IN.bonnet_IN;
 280              	 .loc 1 53 0
 281 001a 314B     	 ldr r3,.L25+4
 282 001c 0022     	 movs r2,#0
 283 001e 9A71     	 strb r2,[r3,#6]
  54:../VCU_PROCESS/Vcu_Process.c **** 	Door_Switch_OUT.hatch_OUT = Door_Switch_IN.hatch_IN;
 284              	 .loc 1 54 0
 285 0020 2E4B     	 ldr r3,.L25
 286 0022 5A79     	 ldrb r2,[r3,#5]
 287 0024 2E4B     	 ldr r3,.L25+4
 288 0026 5A71     	 strb r2,[r3,#5]
  55:../VCU_PROCESS/Vcu_Process.c **** 
  56:../VCU_PROCESS/Vcu_Process.c **** 	if(!Door_Switch_IN.driver_door_IN)
 289              	 .loc 1 56 0
 290 0028 2C4B     	 ldr r3,.L25
 291 002a 5B78     	 ldrb r3,[r3,#1]
 292 002c 83F00103 	 eor r3,r3,#1
 293 0030 DBB2     	 uxtb r3,r3
 294 0032 002B     	 cmp r3,#0
 295 0034 03D0     	 beq .L14
  57:../VCU_PROCESS/Vcu_Process.c **** 		instrument_cluster_doorsvar.driver_door_OUT = (uint8_t)right_door;
 296              	 .loc 1 57 0
 297 0036 2B4B     	 ldr r3,.L25+8
 298 0038 0222     	 movs r2,#2
 299 003a 5A70     	 strb r2,[r3,#1]
 300 003c 02E0     	 b .L15
 301              	.L14:
  58:../VCU_PROCESS/Vcu_Process.c **** 	else
  59:../VCU_PROCESS/Vcu_Process.c **** 		instrument_cluster_doorsvar.driver_door_OUT = 0;
 302              	 .loc 1 59 0
 303 003e 294B     	 ldr r3,.L25+8
 304 0040 0022     	 movs r2,#0
 305 0042 5A70     	 strb r2,[r3,#1]
 306              	.L15:
  60:../VCU_PROCESS/Vcu_Process.c **** 
  61:../VCU_PROCESS/Vcu_Process.c **** 	if(!Door_Switch_IN.passenger_door_IN)
 307              	 .loc 1 61 0
 308 0044 254B     	 ldr r3,.L25
 309 0046 9B78     	 ldrb r3,[r3,#2]
 310 0048 83F00103 	 eor r3,r3,#1
 311 004c DBB2     	 uxtb r3,r3
 312 004e 002B     	 cmp r3,#0
 313 0050 03D0     	 beq .L16
  62:../VCU_PROCESS/Vcu_Process.c **** 		instrument_cluster_doorsvar.passenger_door_OUT = (uint8_t)left_door;
 314              	 .loc 1 62 0
 315 0052 244B     	 ldr r3,.L25+8
 316 0054 0122     	 movs r2,#1
 317 0056 9A70     	 strb r2,[r3,#2]
 318 0058 02E0     	 b .L17
 319              	.L16:
  63:../VCU_PROCESS/Vcu_Process.c **** 	else
  64:../VCU_PROCESS/Vcu_Process.c **** 		instrument_cluster_doorsvar.passenger_door_OUT = 0;
 320              	 .loc 1 64 0
 321 005a 224B     	 ldr r3,.L25+8
 322 005c 0022     	 movs r2,#0
 323 005e 9A70     	 strb r2,[r3,#2]
 324              	.L17:
  65:../VCU_PROCESS/Vcu_Process.c **** 
  66:../VCU_PROCESS/Vcu_Process.c **** 	if(!Door_Switch_IN.bonnet_IN)
 325              	 .loc 1 66 0
 326 0060 1E4B     	 ldr r3,.L25
 327 0062 9B79     	 ldrb r3,[r3,#6]
 328 0064 83F00103 	 eor r3,r3,#1
 329 0068 DBB2     	 uxtb r3,r3
 330 006a 002B     	 cmp r3,#0
 331 006c 03D0     	 beq .L18
  67:../VCU_PROCESS/Vcu_Process.c **** 		instrument_cluster_doorsvar.bonnet_OUT = 0;//(uint8_t)hood;
 332              	 .loc 1 67 0
 333 006e 1D4B     	 ldr r3,.L25+8
 334 0070 0022     	 movs r2,#0
 335 0072 9A71     	 strb r2,[r3,#6]
 336 0074 02E0     	 b .L19
 337              	.L18:
  68:../VCU_PROCESS/Vcu_Process.c **** 	else
  69:../VCU_PROCESS/Vcu_Process.c **** 		instrument_cluster_doorsvar.bonnet_OUT = 0;
 338              	 .loc 1 69 0
 339 0076 1B4B     	 ldr r3,.L25+8
 340 0078 0022     	 movs r2,#0
 341 007a 9A71     	 strb r2,[r3,#6]
 342              	.L19:
  70:../VCU_PROCESS/Vcu_Process.c **** 
  71:../VCU_PROCESS/Vcu_Process.c **** 	if(!Door_Switch_IN.hatch_IN)
 343              	 .loc 1 71 0
 344 007c 174B     	 ldr r3,.L25
 345 007e 5B79     	 ldrb r3,[r3,#5]
 346 0080 83F00103 	 eor r3,r3,#1
 347 0084 DBB2     	 uxtb r3,r3
 348 0086 002B     	 cmp r3,#0
 349 0088 03D0     	 beq .L20
  72:../VCU_PROCESS/Vcu_Process.c **** 		instrument_cluster_doorsvar.hatch_OUT = (uint8_t)tailgate;
 350              	 .loc 1 72 0
 351 008a 164B     	 ldr r3,.L25+8
 352 008c 0822     	 movs r2,#8
 353 008e 5A71     	 strb r2,[r3,#5]
 354 0090 02E0     	 b .L21
 355              	.L20:
  73:../VCU_PROCESS/Vcu_Process.c **** 	else
  74:../VCU_PROCESS/Vcu_Process.c **** 		instrument_cluster_doorsvar.hatch_OUT = 0;
 356              	 .loc 1 74 0
 357 0092 144B     	 ldr r3,.L25+8
 358 0094 0022     	 movs r2,#0
 359 0096 5A71     	 strb r2,[r3,#5]
 360              	.L21:
  75:../VCU_PROCESS/Vcu_Process.c **** 
  76:../VCU_PROCESS/Vcu_Process.c **** 	charging = 0x20;
 361              	 .loc 1 76 0
 362 0098 2023     	 movs r3,#32
 363 009a 7B60     	 str r3,[r7,#4]
 364              	.LBB2:
  77:../VCU_PROCESS/Vcu_Process.c **** 
  78:../VCU_PROCESS/Vcu_Process.c **** 	if(charger_on())
 365              	 .loc 1 78 0
 366 009c FFF7FEFF 	 bl charger_on
 367 00a0 0346     	 mov r3,r0
 368 00a2 002B     	 cmp r3,#0
 369 00a4 0CD0     	 beq .L22
  79:../VCU_PROCESS/Vcu_Process.c **** 	{
  80:../VCU_PROCESS/Vcu_Process.c **** 		instrument_cluster_doorsvar.driver_door_OUT = 0;
 370              	 .loc 1 80 0
 371 00a6 0F4B     	 ldr r3,.L25+8
 372 00a8 0022     	 movs r2,#0
 373 00aa 5A70     	 strb r2,[r3,#1]
  81:../VCU_PROCESS/Vcu_Process.c **** 		instrument_cluster_doorsvar.passenger_door_OUT = 0;
 374              	 .loc 1 81 0
 375 00ac 0D4B     	 ldr r3,.L25+8
 376 00ae 0022     	 movs r2,#0
 377 00b0 9A70     	 strb r2,[r3,#2]
  82:../VCU_PROCESS/Vcu_Process.c **** 		instrument_cluster_doorsvar.bonnet_OUT = 0;
 378              	 .loc 1 82 0
 379 00b2 0C4B     	 ldr r3,.L25+8
 380 00b4 0022     	 movs r2,#0
 381 00b6 9A71     	 strb r2,[r3,#6]
  83:../VCU_PROCESS/Vcu_Process.c **** 		instrument_cluster_doorsvar.hatch_OUT = 0;
 382              	 .loc 1 83 0
 383 00b8 0A4B     	 ldr r3,.L25+8
 384 00ba 0022     	 movs r2,#0
 385 00bc 5A71     	 strb r2,[r3,#5]
 386 00be 04E0     	 b .L23
 387              	.L22:
  84:../VCU_PROCESS/Vcu_Process.c **** 	}
  85:../VCU_PROCESS/Vcu_Process.c **** 	else
  86:../VCU_PROCESS/Vcu_Process.c **** 	{
  87:../VCU_PROCESS/Vcu_Process.c **** 		charging = 0x00;
 388              	 .loc 1 87 0
 389 00c0 0023     	 movs r3,#0
 390 00c2 7B60     	 str r3,[r7,#4]
  88:../VCU_PROCESS/Vcu_Process.c **** 		charge_complete = 0x00;
 391              	 .loc 1 88 0
 392 00c4 084B     	 ldr r3,.L25+12
 393 00c6 0022     	 movs r2,#0
 394 00c8 1A70     	 strb r2,[r3]
 395              	.L23:
 396              	.LBE2:
  89:../VCU_PROCESS/Vcu_Process.c **** 	}
  90:../VCU_PROCESS/Vcu_Process.c **** 
  91:../VCU_PROCESS/Vcu_Process.c **** 	if(charge_complete)
 397              	 .loc 1 91 0
 398 00ca 074B     	 ldr r3,.L25+12
 399 00cc 1B78     	 ldrb r3,[r3]
 400 00ce 002B     	 cmp r3,#0
 401 00d0 01D0     	 beq .L13
  92:../VCU_PROCESS/Vcu_Process.c **** 		charging = 0;
 402              	 .loc 1 92 0
 403 00d2 0023     	 movs r3,#0
 404 00d4 7B60     	 str r3,[r7,#4]
 405              	.L13:
  93:../VCU_PROCESS/Vcu_Process.c **** 
  94:../VCU_PROCESS/Vcu_Process.c **** 	//*cluster_door_in = instrument_cluster_doorsvar.driver_door_OUT + instrument_cluster_doorsvar.pas
  95:../VCU_PROCESS/Vcu_Process.c **** }
 406              	 .loc 1 95 0
 407 00d6 0837     	 adds r7,r7,#8
 408              	.LCFI5:
 409              	 .cfi_def_cfa_offset 8
 410 00d8 BD46     	 mov sp,r7
 411              	.LCFI6:
 412              	 .cfi_def_cfa_register 13
 413              	 
 414 00da 80BD     	 pop {r7,pc}
 415              	.L26:
 416              	 .align 2
 417              	.L25:
 418 00dc 00000000 	 .word Door_Switch_IN
 419 00e0 00000000 	 .word Door_Switch_OUT
 420 00e4 00000000 	 .word instrument_cluster_doorsvar
 421 00e8 00000000 	 .word charge_complete
 422              	 .cfi_endproc
 423              	.LFE606:
 425              	 .section .text.charger_on,"ax",%progbits
 426              	 .align 2
 427              	 .global charger_on
 428              	 .thumb
 429              	 .thumb_func
 431              	charger_on:
 432              	.LFB607:
  96:../VCU_PROCESS/Vcu_Process.c **** 
  97:../VCU_PROCESS/Vcu_Process.c **** 
  98:../VCU_PROCESS/Vcu_Process.c **** int charger_on(void)
  99:../VCU_PROCESS/Vcu_Process.c **** {
 433              	 .loc 1 99 0
 434              	 .cfi_startproc
 435              	 
 436              	 
 437              	 
 438 0000 80B4     	 push {r7}
 439              	.LCFI7:
 440              	 .cfi_def_cfa_offset 4
 441              	 .cfi_offset 7,-4
 442 0002 00AF     	 add r7,sp,#0
 443              	.LCFI8:
 444              	 .cfi_def_cfa_register 7
 100:../VCU_PROCESS/Vcu_Process.c **** 	return Vcu_InPuts.charger_connect_IN;
 445              	 .loc 1 100 0
 446 0004 034B     	 ldr r3,.L29
 447 0006 9B78     	 ldrb r3,[r3,#2]
 101:../VCU_PROCESS/Vcu_Process.c **** 	//return charging_connected ;
 102:../VCU_PROCESS/Vcu_Process.c **** 	return 0;
 103:../VCU_PROCESS/Vcu_Process.c **** }
 448              	 .loc 1 103 0
 449 0008 1846     	 mov r0,r3
 450 000a BD46     	 mov sp,r7
 451              	.LCFI9:
 452              	 .cfi_def_cfa_register 13
 453              	 
 454 000c 5DF8047B 	 ldr r7,[sp],#4
 455              	.LCFI10:
 456              	 .cfi_restore 7
 457              	 .cfi_def_cfa_offset 0
 458 0010 7047     	 bx lr
 459              	.L30:
 460 0012 00BF     	 .align 2
 461              	.L29:
 462 0014 00000000 	 .word Vcu_InPuts
 463              	 .cfi_endproc
 464              	.LFE607:
 466              	 .text
 467              	.Letext0:
 468              	 .file 2 "c:\\infineon\\tools\\dave ide\\4.5.0.202105191637\\eclipse\\arm-gcc-49\\arm-none-eabi\\include\\machine\\_default_types.h"
 469              	 .file 3 "c:\\infineon\\tools\\dave ide\\4.5.0.202105191637\\eclipse\\arm-gcc-49\\arm-none-eabi\\include\\stdint.h"
 470              	 .file 4 "D:/Projects/VCU Firmware Main/IRP/Git Repo/VCU14_29bit_overCAN_withIRP_new4g_proto26_adding_All10sec_data/Libraries/XMCLib/inc/xmc_usic.h"
 471              	 .file 5 "c:\\infineon\\tools\\dave ide\\4.5.0.202105191637\\eclipse\\arm-gcc-49\\arm-none-eabi\\include\\sys\\types.h"
 472              	 .file 6 "D:/Projects/VCU Firmware Main/IRP/Git Repo/VCU14_29bit_overCAN_withIRP_new4g_proto26_adding_All10sec_data/Libraries/XMCLib/inc/xmc_rtc.h"
 473              	 .file 7 "D:/Projects/VCU Firmware Main/IRP/Git Repo/VCU14_29bit_overCAN_withIRP_new4g_proto26_adding_All10sec_data/Libraries/XMCLib/inc/xmc_spi.h"
 474              	 .file 8 "D:/Projects/VCU Firmware Main/IRP/Git Repo/VCU14_29bit_overCAN_withIRP_new4g_proto26_adding_All10sec_data/Vcu_Config.h"
 475              	 .file 9 "D:/Projects/VCU Firmware Main/IRP/Git Repo/VCU14_29bit_overCAN_withIRP_new4g_proto26_adding_All10sec_data/can_matrix.h"
 476              	 .file 10 "D:/Projects/VCU Firmware Main/IRP/Git Repo/VCU14_29bit_overCAN_withIRP_new4g_proto26_adding_All10sec_data/Libraries/CMSIS/Include/cmsis_gcc.h"
 477              	 .file 11 "D:/Projects/VCU Firmware Main/IRP/Git Repo/VCU14_29bit_overCAN_withIRP_new4g_proto26_adding_All10sec_data/Libraries/CMSIS/Include/core_cm4.h"
 478              	 .file 12 "D:/Projects/VCU Firmware Main/IRP/Git Repo/VCU14_29bit_overCAN_withIRP_new4g_proto26_adding_All10sec_data/Libraries/CMSIS/Infineon/XMC4700_series/Include/system_XMC4700.h"
DEFINED SYMBOLS
                            *ABS*:00000000 Vcu_Process.c
    {standard input}:24     .data.cluster_door_in:00000000 cluster_door_in
    {standard input}:21     .data.cluster_door_in:00000000 $d
                            *COM*:00000003 Vcu_OutPuts
                            *COM*:00000008 Combi_Switch_IN
                            *COM*:00000003 Seat_Switch_IN
                            *COM*:00000007 Door_Switch_IN
                            *COM*:0000002f Relay_Control_Switch_OUT
                            *COM*:00000018 Hvac_IN
                            *COM*:00000014 Switch_Ios_IN
                            *COM*:00000005 Motor_controller_OUT
                            *COM*:00000008 Lights_OUT
                            *COM*:00000008 Sensors_OUT
                            *COM*:00000006 Aux_Inputs
                            *COM*:00000012 Instrument_Cluster_OUT
                            *COM*:00000003 Seat_Belt_OUT
                            *COM*:00000004 Gear_OUT
                            *COM*:00000004 Instrumetcluster_DriveMode_OUT
                            *COM*:00000007 Door_Switch_OUT
                            *COM*:00000007 instrument_cluster_doorsvar
                            *COM*:00000004 cluster_door_out
                            *COM*:00000008 current_time
                            *COM*:00000008 timeval
                            *COM*:00000010 GPS_data_val
                            *COM*:00000004 epoch
                            *COM*:00000001 ambient_temp
                            *COM*:00000001 BMS_SOC
                            *COM*:0000003c CAN_MSG_DB_HVAC
                            *COM*:00000004 eps_status
                            *COM*:00000001 instrument_clustor_doors
                            *COM*:00000084 CAN_BMS_29bit
                            *COM*:00000084 CAN_IRP_29bit
                            *COM*:00000001 charge_complete
                            *COM*:00000001 charging_started
                            *COM*:00000002 Bms_SOC
                            *COM*:00000002 Bms_SOH
                            *COM*:00000001 Mapped_BMS_SOC
                            *COM*:00000002 Bms_minTemp
                            *COM*:00000002 Bms_maxTemp
                            *COM*:00000004 PackCurrent
                            *COM*:00000004 PackVoltage
                            *COM*:00000002 RegenerativeCurrentLimit
                            *COM*:00000002 ChargeCurrentLimit
                            *COM*:00000002 DischargeCurrentLimit
                            *COM*:00000004 HvBatteryPower
                            *COM*:00000004 bmsFault1
                            *COM*:00000004 bmsFault2
                            *COM*:00000004 GtakeFaults
                            *COM*:00000003 allFault_indicator
                            *COM*:00000004 cluster_Fault_Indicator
                            *COM*:00000004 Mcu_Temp
                            *COM*:00000004 Motor_Temp
                            *COM*:00000002 VehicleSpeedglb
                            *COM*:0000003c OBDII_CAN
                            *COM*:00000002 OBD_data
                            *COM*:00000004 Irp_Mcu_drive_states_29bit
                            *COM*:00000004 Irp_Mcu_BMS_states_29bit
                            *COM*:00000004 Irp_Mcu_Torques_29bit
                            *COM*:00000004 Irp_Mcu_BMS_Currents_29bit
                            *COM*:00000004 Irp_MCU_Status_29bit
                            *COM*:00000004 Irp_MCU_Faults_29bit
                            *COM*:00000002 DC_Current_irp
                            *COM*:00000002 MotorPower_Irp
                            *COM*:00000002 Torque_Estimation
                            *COM*:00000002 DC_Voltage_irp
                            *COM*:00000002 Mcu_Temp_Irp
                            *COM*:00000002 Motor_Temp_Irp
                            *COM*:00000002 RPM
                            *COM*:00000001 Regenration_flag
                            *COM*:00000002 hv_count
                            *COM*:00000004 BMS_Avg_temp
                            *COM*:00000001 AC_ON_4g
                            *COM*:00000002 speed_4g
    {standard input}:97     .text.Process_VcuOutputs_Update:00000000 $t
    {standard input}:102    .text.Process_VcuOutputs_Update:00000000 Process_VcuOutputs_Update
    {standard input}:431    .text.charger_on:00000000 charger_on
    {standard input}:250    .text.all_doors:00000000 all_doors
    {standard input}:236    .text.Process_VcuOutputs_Update:000000c4 $d
    {standard input}:245    .text.all_doors:00000000 $t
    {standard input}:418    .text.all_doors:000000dc $d
    {standard input}:426    .text.charger_on:00000000 $t
    {standard input}:462    .text.charger_on:00000014 $d
                     .debug_frame:00000010 $d

UNDEFINED SYMBOLS
CAN_MSG_DB
allFaults_Process
Process_State1_Inputs
Process_State2_Inputs
Vcu_InPuts
