   1              	 .syntax unified
   2              	 .cpu cortex-m4
   3              	 .eabi_attribute 27,3
   4              	 .fpu fpv4-sp-d16
   5              	 .eabi_attribute 20,1
   6              	 .eabi_attribute 21,1
   7              	 .eabi_attribute 23,3
   8              	 .eabi_attribute 24,1
   9              	 .eabi_attribute 25,1
  10              	 .eabi_attribute 26,1
  11              	 .eabi_attribute 30,6
  12              	 .eabi_attribute 34,1
  13              	 .eabi_attribute 18,4
  14              	 .thumb
  15              	 .file "can_node_conf.c"
  16              	 .text
  17              	.Ltext0:
  18              	 .cfi_sections .debug_frame
  19              	 .section .rodata.CAN_NODE_0_gpio_out,"a",%progbits
  20              	 .align 2
  23              	CAN_NODE_0_gpio_out:
  24 0000 00810248 	 .word 1208123648
  25 0004 0C       	 .byte 12
  26 0005 000000   	 .space 3
  27              	 .section .rodata.CAN_NODE_0_gpio_out_config,"a",%progbits
  28              	 .align 2
  31              	CAN_NODE_0_gpio_out_config:
  32 0000 90       	 .byte -112
  33 0001 000000   	 .space 3
  34 0004 01000000 	 .word 1
  35 0008 02       	 .byte 2
  36 0009 000000   	 .space 3
  37              	 .section .rodata.CAN_NODE_0_gpio_in,"a",%progbits
  38              	 .align 2
  41              	CAN_NODE_0_gpio_in:
  42 0000 00810248 	 .word 1208123648
  43 0004 0D       	 .byte 13
  44 0005 000000   	 .space 3
  45              	 .section .rodata.CAN_NODE_0_gpio_in_config,"a",%progbits
  46              	 .align 2
  49              	CAN_NODE_0_gpio_in_config:
  50 0000 00000000 	 .space 12
  50      00000000 
  50      00000000 
  51              	 .section .rodata.CAN_NODE_0_BitTimeConfig,"a",%progbits
  52              	 .align 2
  55              	CAN_NODE_0_BitTimeConfig:
  56 0000 00449508 	 .word 144000000
  57 0004 90D00300 	 .word 250000
  58 0008 401F     	 .short 8000
  59 000a 0100     	 .short 1
  60              	 .section .rodata.CAN_NODE_0_sr,"a",%progbits
  61              	 .align 2
  64              	CAN_NODE_0_sr:
  65 0000 00000000 	 .space 4
  66              	 .section .data.CAN_NODE_0_LMO_01,"aw",%progbits
  67              	 .align 3
  70              	CAN_NODE_0_LMO_01:
  71 0000 C0560148 	 .word 1208047296
  72 0004 21       	 .byte 33
  73 0005 09       	 .byte 9
  74 0006 FF       	 .byte 255
  75 0007 B8       	 .byte 184
  76 0008 FF       	 .byte 255
  77 0009 FF       	 .byte 255
  78 000a FF       	 .byte 255
  79 000b 3F       	 .byte 63
  80 000c 08       	 .byte 8
  81 000d 000000   	 .space 3
  82 0010 00000000 	 .word 0
  83 0014 00000000 	 .word 0
  84 0018 01       	 .byte 1
  85 0019 00000000 	 .space 7
  85      000000
  86              	 .global CAN_NODE_0_LMO_01_Config
  87              	 .section .rodata.CAN_NODE_0_LMO_01_Config,"a",%progbits
  88              	 .align 2
  91              	CAN_NODE_0_LMO_01_Config:
  92 0000 00000000 	 .word CAN_NODE_0_LMO_01
  93 0004 36       	 .byte 54
  94 0005 00       	 .byte 0
  95 0006 00       	 .byte 0
  96 0007 01       	 .byte 1
  97 0008 00       	 .byte 0
  98 0009 000000   	 .space 3
  99              	 .section .data.CAN_NODE_0_LMO_02,"aw",%progbits
 100              	 .align 3
 103              	CAN_NODE_0_LMO_02:
 104 0000 60520148 	 .word 1208046176
 105 0004 00       	 .byte 0
 106 0005 04       	 .byte 4
 107 0006 F0       	 .byte 240
 108 0007 AC       	 .byte 172
 109 0008 FF       	 .byte 255
 110 0009 FF       	 .byte 255
 111 000a FF       	 .byte 255
 112 000b 3F       	 .byte 63
 113 000c 08       	 .byte 8
 114 000d 000000   	 .space 3
 115 0010 00000000 	 .word 0
 116 0014 00000000 	 .word 0
 117 0018 01       	 .byte 1
 118 0019 00000000 	 .space 7
 118      000000
 119              	 .global CAN_NODE_0_LMO_02_Config
 120              	 .section .rodata.CAN_NODE_0_LMO_02_Config,"a",%progbits
 121              	 .align 2
 124              	CAN_NODE_0_LMO_02_Config:
 125 0000 00000000 	 .word CAN_NODE_0_LMO_02
 126 0004 13       	 .byte 19
 127 0005 00       	 .byte 0
 128 0006 00       	 .byte 0
 129 0007 01       	 .byte 1
 130 0008 00       	 .byte 0
 131 0009 000000   	 .space 3
 132              	 .section .data.CAN_NODE_0_LMO_03,"aw",%progbits
 133              	 .align 3
 136              	CAN_NODE_0_LMO_03:
 137 0000 40520148 	 .word 1208046144
 138 0004 21       	 .byte 33
 139 0005 C6       	 .byte 198
 140 0006 FF       	 .byte 255
 141 0007 B8       	 .byte 184
 142 0008 FF       	 .byte 255
 143 0009 FF       	 .byte 255
 144 000a FF       	 .byte 255
 145 000b 3F       	 .byte 63
 146 000c 08       	 .byte 8
 147 000d 000000   	 .space 3
 148 0010 00000000 	 .word 0
 149 0014 00000000 	 .word 0
 150 0018 01       	 .byte 1
 151 0019 00000000 	 .space 7
 151      000000
 152              	 .global CAN_NODE_0_LMO_03_Config
 153              	 .section .rodata.CAN_NODE_0_LMO_03_Config,"a",%progbits
 154              	 .align 2
 157              	CAN_NODE_0_LMO_03_Config:
 158 0000 00000000 	 .word CAN_NODE_0_LMO_03
 159 0004 12       	 .byte 18
 160 0005 00       	 .byte 0
 161 0006 00       	 .byte 0
 162 0007 01       	 .byte 1
 163 0008 00       	 .byte 0
 164 0009 000000   	 .space 3
 165              	 .section .data.CAN_NODE_0_LMO_04,"aw",%progbits
 166              	 .align 3
 169              	CAN_NODE_0_LMO_04:
 170 0000 E0560148 	 .word 1208047328
 171 0004 32       	 .byte 50
 172 0005 B6       	 .byte 182
 173 0006 FF       	 .byte 255
 174 0007 B8       	 .byte 184
 175 0008 FF       	 .byte 255
 176 0009 FF       	 .byte 255
 177 000a FF       	 .byte 255
 178 000b 3F       	 .byte 63
 179 000c 08       	 .byte 8
 180 000d 000000   	 .space 3
 181 0010 00000000 	 .word 0
 182 0014 00000000 	 .word 0
 183 0018 01       	 .byte 1
 184 0019 00000000 	 .space 7
 184      000000
 185              	 .global CAN_NODE_0_LMO_04_Config
 186              	 .section .rodata.CAN_NODE_0_LMO_04_Config,"a",%progbits
 187              	 .align 2
 190              	CAN_NODE_0_LMO_04_Config:
 191 0000 00000000 	 .word CAN_NODE_0_LMO_04
 192 0004 37       	 .byte 55
 193 0005 00       	 .byte 0
 194 0006 00       	 .byte 0
 195 0007 01       	 .byte 1
 196 0008 00       	 .byte 0
 197 0009 000000   	 .space 3
 198              	 .section .data.CAN_NODE_0_LMO_05,"aw",%progbits
 199              	 .align 3
 202              	CAN_NODE_0_LMO_05:
 203 0000 E0550148 	 .word 1208047072
 204 0004 21       	 .byte 33
 205 0005 01       	 .byte 1
 206 0006 F1       	 .byte 241
 207 0007 AC       	 .byte 172
 208 0008 FF       	 .byte 255
 209 0009 FF       	 .byte 255
 210 000a FF       	 .byte 255
 211 000b 3F       	 .byte 63
 212 000c 08       	 .byte 8
 213 000d 000000   	 .space 3
 214 0010 00000000 	 .word 0
 215 0014 00000000 	 .word 0
 216 0018 01       	 .byte 1
 217 0019 00000000 	 .space 7
 217      000000
 218              	 .global CAN_NODE_0_LMO_05_Config
 219              	 .section .rodata.CAN_NODE_0_LMO_05_Config,"a",%progbits
 220              	 .align 2
 223              	CAN_NODE_0_LMO_05_Config:
 224 0000 00000000 	 .word CAN_NODE_0_LMO_05
 225 0004 2F       	 .byte 47
 226 0005 00       	 .byte 0
 227 0006 00       	 .byte 0
 228 0007 01       	 .byte 1
 229 0008 00       	 .byte 0
 230 0009 000000   	 .space 3
 231              	 .section .data.CAN_NODE_0_LMO_06,"aw",%progbits
 232              	 .align 3
 235              	CAN_NODE_0_LMO_06:
 236 0000 00560148 	 .word 1208047104
 237 0004 00       	 .byte 0
 238 0005 EE       	 .byte 238
 239 0006 FE       	 .byte 254
 240 0007 B8       	 .byte 184
 241 0008 FF       	 .byte 255
 242 0009 FF       	 .byte 255
 243 000a FF       	 .byte 255
 244 000b 3F       	 .byte 63
 245 000c 08       	 .byte 8
 246 000d 000000   	 .space 3
 247 0010 00000000 	 .word 0
 248 0014 00000000 	 .word 0
 249 0018 01       	 .byte 1
 250 0019 00000000 	 .space 7
 250      000000
 251              	 .global CAN_NODE_0_LMO_06_Config
 252              	 .section .rodata.CAN_NODE_0_LMO_06_Config,"a",%progbits
 253              	 .align 2
 256              	CAN_NODE_0_LMO_06_Config:
 257 0000 00000000 	 .word CAN_NODE_0_LMO_06
 258 0004 30       	 .byte 48
 259 0005 00       	 .byte 0
 260 0006 00       	 .byte 0
 261 0007 01       	 .byte 1
 262 0008 00       	 .byte 0
 263 0009 000000   	 .space 3
 264              	 .section .data.CAN_NODE_0_LMO_07,"aw",%progbits
 265              	 .align 3
 268              	CAN_NODE_0_LMO_07:
 269 0000 20560148 	 .word 1208047136
 270 0004 21       	 .byte 33
 271 0005 20       	 .byte 32
 272 0006 FF       	 .byte 255
 273 0007 B8       	 .byte 184
 274 0008 FF       	 .byte 255
 275 0009 FF       	 .byte 255
 276 000a FF       	 .byte 255
 277 000b 3F       	 .byte 63
 278 000c 08       	 .byte 8
 279 000d 000000   	 .space 3
 280 0010 00000000 	 .word 0
 281 0014 00000000 	 .word 0
 282 0018 01       	 .byte 1
 283 0019 00000000 	 .space 7
 283      000000
 284              	 .global CAN_NODE_0_LMO_07_Config
 285              	 .section .rodata.CAN_NODE_0_LMO_07_Config,"a",%progbits
 286              	 .align 2
 289              	CAN_NODE_0_LMO_07_Config:
 290 0000 00000000 	 .word CAN_NODE_0_LMO_07
 291 0004 31       	 .byte 49
 292 0005 00       	 .byte 0
 293 0006 00       	 .byte 0
 294 0007 01       	 .byte 1
 295 0008 00       	 .byte 0
 296 0009 000000   	 .space 3
 297              	 .section .data.CAN_NODE_0_LMO_08,"aw",%progbits
 298              	 .align 3
 301              	CAN_NODE_0_LMO_08:
 302 0000 00550148 	 .word 1208046848
 303 0004 58       	 .byte 88
 304 0005 02       	 .byte 2
 305 0006 00       	 .byte 0
 306 0007 80       	 .byte 128
 307 0008 FF       	 .byte 255
 308 0009 07       	 .byte 7
 309 000a 00       	 .byte 0
 310 000b 20       	 .byte 32
 311 000c 08       	 .byte 8
 312 000d 000000   	 .space 3
 313 0010 01000000 	 .word 1
 314 0014 00000000 	 .word 0
 315 0018 01       	 .byte 1
 316 0019 00000000 	 .space 7
 316      000000
 317              	 .global CAN_NODE_0_LMO_08_Config
 318              	 .section .rodata.CAN_NODE_0_LMO_08_Config,"a",%progbits
 319              	 .align 2
 322              	CAN_NODE_0_LMO_08_Config:
 323 0000 00000000 	 .word CAN_NODE_0_LMO_08
 324 0004 28       	 .byte 40
 325 0005 00       	 .byte 0
 326 0006 00       	 .byte 0
 327 0007 01       	 .byte 1
 328 0008 00       	 .byte 0
 329 0009 000000   	 .space 3
 330              	 .section .data.CAN_NODE_0_LMO_09,"aw",%progbits
 331              	 .align 3
 334              	CAN_NODE_0_LMO_09:
 335 0000 20550148 	 .word 1208046880
 336 0004 50       	 .byte 80
 337 0005 02       	 .byte 2
 338 0006 00       	 .byte 0
 339 0007 A8       	 .byte 168
 340 0008 FF       	 .byte 255
 341 0009 FF       	 .byte 255
 342 000a FF       	 .byte 255
 343 000b 3F       	 .byte 63
 344 000c 08       	 .byte 8
 345 000d 000000   	 .space 3
 346 0010 00000000 	 .word 0
 347 0014 00000000 	 .word 0
 348 0018 00       	 .byte 0
 349 0019 00000000 	 .space 7
 349      000000
 350              	 .global CAN_NODE_0_LMO_09_Config
 351              	 .section .rodata.CAN_NODE_0_LMO_09_Config,"a",%progbits
 352              	 .align 2
 355              	CAN_NODE_0_LMO_09_Config:
 356 0000 00000000 	 .word CAN_NODE_0_LMO_09
 357 0004 29       	 .byte 41
 358 0005 00       	 .byte 0
 359 0006 00       	 .byte 0
 360 0007 00       	 .byte 0
 361 0008 00       	 .byte 0
 362 0009 000000   	 .space 3
 363              	 .section .data.CAN_NODE_0_LMO_10,"aw",%progbits
 364              	 .align 3
 367              	CAN_NODE_0_LMO_10:
 368 0000 40560148 	 .word 1208047168
 369 0004 30       	 .byte 48
 370 0005 05       	 .byte 5
 371 0006 00       	 .byte 0
 372 0007 A8       	 .byte 168
 373 0008 FF       	 .byte 255
 374 0009 FF       	 .byte 255
 375 000a FF       	 .byte 255
 376 000b 3F       	 .byte 63
 377 000c 08       	 .byte 8
 378 000d 000000   	 .space 3
 379 0010 00000000 	 .word 0
 380 0014 00000000 	 .word 0
 381 0018 01       	 .byte 1
 382 0019 00000000 	 .space 7
 382      000000
 383              	 .global CAN_NODE_0_LMO_10_Config
 384              	 .section .rodata.CAN_NODE_0_LMO_10_Config,"a",%progbits
 385              	 .align 2
 388              	CAN_NODE_0_LMO_10_Config:
 389 0000 00000000 	 .word CAN_NODE_0_LMO_10
 390 0004 32       	 .byte 50
 391 0005 00       	 .byte 0
 392 0006 00       	 .byte 0
 393 0007 00       	 .byte 0
 394 0008 00       	 .byte 0
 395 0009 000000   	 .space 3
 396              	 .section .data.CAN_NODE_0_LMO_11,"aw",%progbits
 397              	 .align 3
 400              	CAN_NODE_0_LMO_11:
 401 0000 A0560148 	 .word 1208047264
 402 0004 26       	 .byte 38
 403 0005 03       	 .byte 3
 404 0006 00       	 .byte 0
 405 0007 80       	 .byte 128
 406 0008 FF       	 .byte 255
 407 0009 07       	 .byte 7
 408 000a 00       	 .byte 0
 409 000b 20       	 .byte 32
 410 000c 08       	 .byte 8
 411 000d 000000   	 .space 3
 412 0010 00000000 	 .word 0
 413 0014 00000000 	 .word 0
 414 0018 01       	 .byte 1
 415 0019 00000000 	 .space 7
 415      000000
 416              	 .global CAN_NODE_0_LMO_11_Config
 417              	 .section .rodata.CAN_NODE_0_LMO_11_Config,"a",%progbits
 418              	 .align 2
 421              	CAN_NODE_0_LMO_11_Config:
 422 0000 00000000 	 .word CAN_NODE_0_LMO_11
 423 0004 35       	 .byte 53
 424 0005 00       	 .byte 0
 425 0006 00       	 .byte 0
 426 0007 00       	 .byte 0
 427 0008 00       	 .byte 0
 428 0009 000000   	 .space 3
 429              	 .section .data.CAN_NODE_0_LMO_12,"aw",%progbits
 430              	 .align 3
 433              	CAN_NODE_0_LMO_12:
 434 0000 00520148 	 .word 1208046080
 435 0004 80       	 .byte 128
 436 0005 00       	 .byte 0
 437 0006 00       	 .byte 0
 438 0007 80       	 .byte 128
 439 0008 FF       	 .byte 255
 440 0009 07       	 .byte 7
 441 000a 00       	 .byte 0
 442 000b 20       	 .byte 32
 443 000c 08       	 .byte 8
 444 000d 000000   	 .space 3
 445 0010 00000000 	 .word 0
 446 0014 00000000 	 .word 0
 447 0018 01       	 .byte 1
 448 0019 00000000 	 .space 7
 448      000000
 449              	 .global CAN_NODE_0_LMO_12_Config
 450              	 .section .rodata.CAN_NODE_0_LMO_12_Config,"a",%progbits
 451              	 .align 2
 454              	CAN_NODE_0_LMO_12_Config:
 455 0000 00000000 	 .word CAN_NODE_0_LMO_12
 456 0004 10       	 .byte 16
 457 0005 00       	 .byte 0
 458 0006 00       	 .byte 0
 459 0007 00       	 .byte 0
 460 0008 00       	 .byte 0
 461 0009 000000   	 .space 3
 462              	 .section .data.CAN_NODE_0_LMO_13,"aw",%progbits
 463              	 .align 3
 466              	CAN_NODE_0_LMO_13:
 467 0000 80560148 	 .word 1208047232
 468 0004 F3       	 .byte 243
 469 0005 A7       	 .byte 167
 470 0006 08       	 .byte 8
 471 0007 B8       	 .byte 184
 472 0008 FF       	 .byte 255
 473 0009 FF       	 .byte 255
 474 000a FF       	 .byte 255
 475 000b 3F       	 .byte 63
 476 000c 08       	 .byte 8
 477 000d 000000   	 .space 3
 478 0010 00000000 	 .word 0
 479 0014 00000000 	 .word 0
 480 0018 00       	 .byte 0
 481 0019 00000000 	 .space 7
 481      000000
 482              	 .global CAN_NODE_0_LMO_13_Config
 483              	 .section .rodata.CAN_NODE_0_LMO_13_Config,"a",%progbits
 484              	 .align 2
 487              	CAN_NODE_0_LMO_13_Config:
 488 0000 00000000 	 .word CAN_NODE_0_LMO_13
 489 0004 34       	 .byte 52
 490 0005 00       	 .byte 0
 491 0006 00       	 .byte 0
 492 0007 00       	 .byte 0
 493 0008 01       	 .byte 1
 494 0009 000000   	 .space 3
 495              	 .section .data.CAN_NODE_0_LMO_14,"aw",%progbits
 496              	 .align 3
 499              	CAN_NODE_0_LMO_14:
 500 0000 20520148 	 .word 1208046112
 501 0004 F3       	 .byte 243
 502 0005 A7       	 .byte 167
 503 0006 0A       	 .byte 10
 504 0007 B8       	 .byte 184
 505 0008 FF       	 .byte 255
 506 0009 FF       	 .byte 255
 507 000a FF       	 .byte 255
 508 000b 3F       	 .byte 63
 509 000c 08       	 .byte 8
 510 000d 000000   	 .space 3
 511 0010 00000000 	 .word 0
 512 0014 00000000 	 .word 0
 513 0018 00       	 .byte 0
 514 0019 00000000 	 .space 7
 514      000000
 515              	 .global CAN_NODE_0_LMO_14_Config
 516              	 .section .rodata.CAN_NODE_0_LMO_14_Config,"a",%progbits
 517              	 .align 2
 520              	CAN_NODE_0_LMO_14_Config:
 521 0000 00000000 	 .word CAN_NODE_0_LMO_14
 522 0004 11       	 .byte 17
 523 0005 00       	 .byte 0
 524 0006 00       	 .byte 0
 525 0007 00       	 .byte 0
 526 0008 01       	 .byte 1
 527 0009 000000   	 .space 3
 528              	 .section .data.CAN_NODE_0_LMO_15,"aw",%progbits
 529              	 .align 3
 532              	CAN_NODE_0_LMO_15:
 533 0000 40510148 	 .word 1208045888
 534 0004 F3       	 .byte 243
 535 0005 A7       	 .byte 167
 536 0006 0B       	 .byte 11
 537 0007 B8       	 .byte 184
 538 0008 FF       	 .byte 255
 539 0009 FF       	 .byte 255
 540 000a FF       	 .byte 255
 541 000b 3F       	 .byte 63
 542 000c 08       	 .byte 8
 543 000d 000000   	 .space 3
 544 0010 00000000 	 .word 0
 545 0014 00000000 	 .word 0
 546 0018 00       	 .byte 0
 547 0019 00000000 	 .space 7
 547      000000
 548              	 .global CAN_NODE_0_LMO_15_Config
 549              	 .section .rodata.CAN_NODE_0_LMO_15_Config,"a",%progbits
 550              	 .align 2
 553              	CAN_NODE_0_LMO_15_Config:
 554 0000 00000000 	 .word CAN_NODE_0_LMO_15
 555 0004 0A       	 .byte 10
 556 0005 00       	 .byte 0
 557 0006 00       	 .byte 0
 558 0007 00       	 .byte 0
 559 0008 01       	 .byte 1
 560 0009 000000   	 .space 3
 561              	 .section .data.CAN_NODE_0_LMO_16,"aw",%progbits
 562              	 .align 3
 565              	CAN_NODE_0_LMO_16:
 566 0000 80500148 	 .word 1208045696
 567 0004 11       	 .byte 17
 568 0005 D9       	 .byte 217
 569 0006 FE       	 .byte 254
 570 0007 B8       	 .byte 184
 571 0008 FF       	 .byte 255
 572 0009 FF       	 .byte 255
 573 000a FF       	 .byte 255
 574 000b 3F       	 .byte 63
 575 000c 08       	 .byte 8
 576 000d 000000   	 .space 3
 577 0010 00000000 	 .word 0
 578 0014 00000000 	 .word 0
 579 0018 01       	 .byte 1
 580 0019 00000000 	 .space 7
 580      000000
 581              	 .global CAN_NODE_0_LMO_16_Config
 582              	 .section .rodata.CAN_NODE_0_LMO_16_Config,"a",%progbits
 583              	 .align 2
 586              	CAN_NODE_0_LMO_16_Config:
 587 0000 00000000 	 .word CAN_NODE_0_LMO_16
 588 0004 04       	 .byte 4
 589 0005 00       	 .byte 0
 590 0006 00       	 .byte 0
 591 0007 01       	 .byte 1
 592 0008 00       	 .byte 0
 593 0009 000000   	 .space 3
 594              	 .section .data.CAN_NODE_0_LMO_17,"aw",%progbits
 595              	 .align 3
 598              	CAN_NODE_0_LMO_17:
 599 0000 60510148 	 .word 1208045920
 600 0004 01       	 .byte 1
 601 0005 02       	 .byte 2
 602 0006 00       	 .byte 0
 603 0007 80       	 .byte 128
 604 0008 FF       	 .byte 255
 605 0009 07       	 .byte 7
 606 000a 00       	 .byte 0
 607 000b 20       	 .byte 32
 608 000c 08       	 .byte 8
 609 000d 000000   	 .space 3
 610 0010 00000000 	 .word 0
 611 0014 00000000 	 .word 0
 612 0018 00       	 .byte 0
 613 0019 00000000 	 .space 7
 613      000000
 614              	 .global CAN_NODE_0_LMO_17_Config
 615              	 .section .rodata.CAN_NODE_0_LMO_17_Config,"a",%progbits
 616              	 .align 2
 619              	CAN_NODE_0_LMO_17_Config:
 620 0000 00000000 	 .word CAN_NODE_0_LMO_17
 621 0004 0B       	 .byte 11
 622 0005 00       	 .byte 0
 623 0006 00       	 .byte 0
 624 0007 00       	 .byte 0
 625 0008 01       	 .byte 1
 626 0009 000000   	 .space 3
 627              	 .section .data.CAN_NODE_0_LMO_18,"aw",%progbits
 628              	 .align 3
 631              	CAN_NODE_0_LMO_18:
 632 0000 60500148 	 .word 1208045664
 633 0004 11       	 .byte 17
 634 0005 02       	 .byte 2
 635 0006 00       	 .byte 0
 636 0007 A8       	 .byte 168
 637 0008 FF       	 .byte 255
 638 0009 FF       	 .byte 255
 639 000a FF       	 .byte 255
 640 000b 3F       	 .byte 63
 641 000c 08       	 .byte 8
 642 000d 000000   	 .space 3
 643 0010 00000000 	 .word 0
 644 0014 00000000 	 .word 0
 645 0018 00       	 .byte 0
 646 0019 00000000 	 .space 7
 646      000000
 647              	 .global CAN_NODE_0_LMO_18_Config
 648              	 .section .rodata.CAN_NODE_0_LMO_18_Config,"a",%progbits
 649              	 .align 2
 652              	CAN_NODE_0_LMO_18_Config:
 653 0000 00000000 	 .word CAN_NODE_0_LMO_18
 654 0004 03       	 .byte 3
 655 0005 00       	 .byte 0
 656 0006 00       	 .byte 0
 657 0007 00       	 .byte 0
 658 0008 01       	 .byte 1
 659 0009 000000   	 .space 3
 660              	 .section .data.CAN_NODE_0_LMO_19,"aw",%progbits
 661              	 .align 3
 664              	CAN_NODE_0_LMO_19:
 665 0000 80510148 	 .word 1208045952
 666 0004 21       	 .byte 33
 667 0005 02       	 .byte 2
 668 0006 00       	 .byte 0
 669 0007 A8       	 .byte 168
 670 0008 FF       	 .byte 255
 671 0009 FF       	 .byte 255
 672 000a FF       	 .byte 255
 673 000b 3F       	 .byte 63
 674 000c 08       	 .byte 8
 675 000d 000000   	 .space 3
 676 0010 00000000 	 .word 0
 677 0014 00000000 	 .word 0
 678 0018 00       	 .byte 0
 679 0019 00000000 	 .space 7
 679      000000
 680              	 .global CAN_NODE_0_LMO_19_Config
 681              	 .section .rodata.CAN_NODE_0_LMO_19_Config,"a",%progbits
 682              	 .align 2
 685              	CAN_NODE_0_LMO_19_Config:
 686 0000 00000000 	 .word CAN_NODE_0_LMO_19
 687 0004 0C       	 .byte 12
 688 0005 00       	 .byte 0
 689 0006 00       	 .byte 0
 690 0007 00       	 .byte 0
 691 0008 01       	 .byte 1
 692 0009 000000   	 .space 3
 693              	 .section .data.CAN_NODE_0_LMO_20,"aw",%progbits
 694              	 .align 3
 697              	CAN_NODE_0_LMO_20:
 698 0000 40500148 	 .word 1208045632
 699 0004 31       	 .byte 49
 700 0005 02       	 .byte 2
 701 0006 00       	 .byte 0
 702 0007 A8       	 .byte 168
 703 0008 FF       	 .byte 255
 704 0009 FF       	 .byte 255
 705 000a FF       	 .byte 255
 706 000b 3F       	 .byte 63
 707 000c 08       	 .byte 8
 708 000d 000000   	 .space 3
 709 0010 00000000 	 .word 0
 710 0014 00000000 	 .word 0
 711 0018 00       	 .byte 0
 712 0019 00000000 	 .space 7
 712      000000
 713              	 .global CAN_NODE_0_LMO_20_Config
 714              	 .section .rodata.CAN_NODE_0_LMO_20_Config,"a",%progbits
 715              	 .align 2
 718              	CAN_NODE_0_LMO_20_Config:
 719 0000 00000000 	 .word CAN_NODE_0_LMO_20
 720 0004 02       	 .byte 2
 721 0005 00       	 .byte 0
 722 0006 00       	 .byte 0
 723 0007 00       	 .byte 0
 724 0008 01       	 .byte 1
 725 0009 000000   	 .space 3
 726              	 .section .data.CAN_NODE_0_LMO_21,"aw",%progbits
 727              	 .align 3
 730              	CAN_NODE_0_LMO_21:
 731 0000 20500148 	 .word 1208045600
 732 0004 F3       	 .byte 243
 733 0005 A7       	 .byte 167
 734 0006 0E       	 .byte 14
 735 0007 B8       	 .byte 184
 736 0008 FF       	 .byte 255
 737 0009 FF       	 .byte 255
 738 000a FF       	 .byte 255
 739 000b 3F       	 .byte 63
 740 000c 08       	 .byte 8
 741 000d 000000   	 .space 3
 742 0010 00000000 	 .word 0
 743 0014 00000000 	 .word 0
 744 0018 00       	 .byte 0
 745 0019 00000000 	 .space 7
 745      000000
 746              	 .global CAN_NODE_0_LMO_21_Config
 747              	 .section .rodata.CAN_NODE_0_LMO_21_Config,"a",%progbits
 748              	 .align 2
 751              	CAN_NODE_0_LMO_21_Config:
 752 0000 00000000 	 .word CAN_NODE_0_LMO_21
 753 0004 01       	 .byte 1
 754 0005 00       	 .byte 0
 755 0006 00       	 .byte 0
 756 0007 00       	 .byte 0
 757 0008 00       	 .byte 0
 758 0009 000000   	 .space 3
 759              	 .section .data.CAN_NODE_0_LMO_22,"aw",%progbits
 760              	 .align 3
 763              	CAN_NODE_0_LMO_22:
 764 0000 A0510148 	 .word 1208045984
 765 0004 F3       	 .byte 243
 766 0005 A7       	 .byte 167
 767 0006 0F       	 .byte 15
 768 0007 B8       	 .byte 184
 769 0008 FF       	 .byte 255
 770 0009 FF       	 .byte 255
 771 000a FF       	 .byte 255
 772 000b 3F       	 .byte 63
 773 000c 08       	 .byte 8
 774 000d 000000   	 .space 3
 775 0010 00000000 	 .word 0
 776 0014 00000000 	 .word 0
 777 0018 00       	 .byte 0
 778 0019 00000000 	 .space 7
 778      000000
 779              	 .global CAN_NODE_0_LMO_22_Config
 780              	 .section .rodata.CAN_NODE_0_LMO_22_Config,"a",%progbits
 781              	 .align 2
 784              	CAN_NODE_0_LMO_22_Config:
 785 0000 00000000 	 .word CAN_NODE_0_LMO_22
 786 0004 0D       	 .byte 13
 787 0005 00       	 .byte 0
 788 0006 00       	 .byte 0
 789 0007 00       	 .byte 0
 790 0008 00       	 .byte 0
 791 0009 000000   	 .space 3
 792              	 .section .data.CAN_NODE_0_LMO_23,"aw",%progbits
 793              	 .align 3
 796              	CAN_NODE_0_LMO_23:
 797 0000 00500148 	 .word 1208045568
 798 0004 F3       	 .byte 243
 799 0005 A7       	 .byte 167
 800 0006 10       	 .byte 16
 801 0007 B8       	 .byte 184
 802 0008 FF       	 .byte 255
 803 0009 FF       	 .byte 255
 804 000a FF       	 .byte 255
 805 000b 3F       	 .byte 63
 806 000c 08       	 .byte 8
 807 000d 000000   	 .space 3
 808 0010 00000000 	 .word 0
 809 0014 00000000 	 .word 0
 810 0018 00       	 .byte 0
 811 0019 00000000 	 .space 7
 811      000000
 812              	 .global CAN_NODE_0_LMO_23_Config
 813              	 .section .rodata.CAN_NODE_0_LMO_23_Config,"a",%progbits
 814              	 .align 2
 817              	CAN_NODE_0_LMO_23_Config:
 818 0000 00000000 	 .word CAN_NODE_0_LMO_23
 819 0004 00       	 .byte 0
 820 0005 00       	 .byte 0
 821 0006 00       	 .byte 0
 822 0007 00       	 .byte 0
 823 0008 00       	 .byte 0
 824 0009 000000   	 .space 3
 825              	 .section .data.CAN_NODE_0_LMO_24,"aw",%progbits
 826              	 .align 3
 829              	CAN_NODE_0_LMO_24:
 830 0000 60570148 	 .word 1208047456
 831 0004 F3       	 .byte 243
 832 0005 A7       	 .byte 167
 833 0006 13       	 .byte 19
 834 0007 B8       	 .byte 184
 835 0008 FF       	 .byte 255
 836 0009 FF       	 .byte 255
 837 000a FF       	 .byte 255
 838 000b 3F       	 .byte 63
 839 000c 08       	 .byte 8
 840 000d 000000   	 .space 3
 841 0010 00000000 	 .word 0
 842 0014 00000000 	 .word 0
 843 0018 00       	 .byte 0
 844 0019 00000000 	 .space 7
 844      000000
 845              	 .global CAN_NODE_0_LMO_24_Config
 846              	 .section .rodata.CAN_NODE_0_LMO_24_Config,"a",%progbits
 847              	 .align 2
 850              	CAN_NODE_0_LMO_24_Config:
 851 0000 00000000 	 .word CAN_NODE_0_LMO_24
 852 0004 3B       	 .byte 59
 853 0005 00       	 .byte 0
 854 0006 00       	 .byte 0
 855 0007 00       	 .byte 0
 856 0008 00       	 .byte 0
 857 0009 000000   	 .space 3
 858              	 .section .data.CAN_NODE_0_LMO_25,"aw",%progbits
 859              	 .align 3
 862              	CAN_NODE_0_LMO_25:
 863 0000 40570148 	 .word 1208047424
 864 0004 F3       	 .byte 243
 865 0005 A7       	 .byte 167
 866 0006 0C       	 .byte 12
 867 0007 B8       	 .byte 184
 868 0008 FF       	 .byte 255
 869 0009 FF       	 .byte 255
 870 000a FF       	 .byte 255
 871 000b 3F       	 .byte 63
 872 000c 08       	 .byte 8
 873 000d 000000   	 .space 3
 874 0010 00000000 	 .word 0
 875 0014 00000000 	 .word 0
 876 0018 00       	 .byte 0
 877 0019 00000000 	 .space 7
 877      000000
 878              	 .global CAN_NODE_0_LMO_25_Config
 879              	 .section .rodata.CAN_NODE_0_LMO_25_Config,"a",%progbits
 880              	 .align 2
 883              	CAN_NODE_0_LMO_25_Config:
 884 0000 00000000 	 .word CAN_NODE_0_LMO_25
 885 0004 3A       	 .byte 58
 886 0005 00       	 .byte 0
 887 0006 00       	 .byte 0
 888 0007 00       	 .byte 0
 889 0008 00       	 .byte 0
 890 0009 000000   	 .space 3
 891              	 .section .data.CAN_NODE_0_LMO_26,"aw",%progbits
 892              	 .align 3
 895              	CAN_NODE_0_LMO_26:
 896 0000 60530148 	 .word 1208046432
 897 0004 F3       	 .byte 243
 898 0005 A7       	 .byte 167
 899 0006 14       	 .byte 20
 900 0007 B8       	 .byte 184
 901 0008 FF       	 .byte 255
 902 0009 FF       	 .byte 255
 903 000a FF       	 .byte 255
 904 000b 3F       	 .byte 63
 905 000c 08       	 .byte 8
 906 000d 000000   	 .space 3
 907 0010 00000000 	 .word 0
 908 0014 00000000 	 .word 0
 909 0018 00       	 .byte 0
 910 0019 00000000 	 .space 7
 910      000000
 911              	 .global CAN_NODE_0_LMO_26_Config
 912              	 .section .rodata.CAN_NODE_0_LMO_26_Config,"a",%progbits
 913              	 .align 2
 916              	CAN_NODE_0_LMO_26_Config:
 917 0000 00000000 	 .word CAN_NODE_0_LMO_26
 918 0004 1B       	 .byte 27
 919 0005 00       	 .byte 0
 920 0006 00       	 .byte 0
 921 0007 00       	 .byte 0
 922 0008 00       	 .byte 0
 923 0009 000000   	 .space 3
 924              	 .section .data.CAN_NODE_0_LMO_27,"aw",%progbits
 925              	 .align 3
 928              	CAN_NODE_0_LMO_27:
 929 0000 E0570148 	 .word 1208047584
 930 0004 F3       	 .byte 243
 931 0005 A7       	 .byte 167
 932 0006 15       	 .byte 21
 933 0007 B8       	 .byte 184
 934 0008 FF       	 .byte 255
 935 0009 FF       	 .byte 255
 936 000a FF       	 .byte 255
 937 000b 3F       	 .byte 63
 938 000c 08       	 .byte 8
 939 000d 000000   	 .space 3
 940 0010 00000000 	 .word 0
 941 0014 00000000 	 .word 0
 942 0018 00       	 .byte 0
 943 0019 00000000 	 .space 7
 943      000000
 944              	 .global CAN_NODE_0_LMO_27_Config
 945              	 .section .rodata.CAN_NODE_0_LMO_27_Config,"a",%progbits
 946              	 .align 2
 949              	CAN_NODE_0_LMO_27_Config:
 950 0000 00000000 	 .word CAN_NODE_0_LMO_27
 951 0004 3F       	 .byte 63
 952 0005 00       	 .byte 0
 953 0006 00       	 .byte 0
 954 0007 00       	 .byte 0
 955 0008 00       	 .byte 0
 956 0009 000000   	 .space 3
 957              	 .section .data.CAN_NODE_0_LMO_28,"aw",%progbits
 958              	 .align 3
 961              	CAN_NODE_0_LMO_28:
 962 0000 80530148 	 .word 1208046464
 963 0004 F4       	 .byte 244
 964 0005 E5       	 .byte 229
 965 0006 06       	 .byte 6
 966 0007 B8       	 .byte 184
 967 0008 FF       	 .byte 255
 968 0009 FF       	 .byte 255
 969 000a FF       	 .byte 255
 970 000b 3F       	 .byte 63
 971 000c 08       	 .byte 8
 972 000d 000000   	 .space 3
 973 0010 00000000 	 .word 0
 974 0014 00000000 	 .word 0
 975 0018 01       	 .byte 1
 976 0019 00000000 	 .space 7
 976      000000
 977              	 .global CAN_NODE_0_LMO_28_Config
 978              	 .section .rodata.CAN_NODE_0_LMO_28_Config,"a",%progbits
 979              	 .align 2
 982              	CAN_NODE_0_LMO_28_Config:
 983 0000 00000000 	 .word CAN_NODE_0_LMO_28
 984 0004 1C       	 .byte 28
 985 0005 00       	 .byte 0
 986 0006 00       	 .byte 0
 987 0007 00       	 .byte 0
 988 0008 00       	 .byte 0
 989 0009 000000   	 .space 3
 990              	 .section .data.CAN_NODE_0_LMO_29,"aw",%progbits
 991              	 .align 3
 994              	CAN_NODE_0_LMO_29:
 995 0000 C0570148 	 .word 1208047552
 996 0004 E5       	 .byte 229
 997 0005 50       	 .byte 80
 998 0006 FF       	 .byte 255
 999 0007 B8       	 .byte 184
 1000 0008 FF       	 .byte 255
 1001 0009 FF       	 .byte 255
 1002 000a FF       	 .byte 255
 1003 000b 3F       	 .byte 63
 1004 000c 08       	 .byte 8
 1005 000d 000000   	 .space 3
 1006 0010 00000000 	 .word 0
 1007 0014 00000000 	 .word 0
 1008 0018 00       	 .byte 0
 1009 0019 00000000 	 .space 7
 1009      000000
 1010              	 .global CAN_NODE_0_LMO_29_Config
 1011              	 .section .rodata.CAN_NODE_0_LMO_29_Config,"a",%progbits
 1012              	 .align 2
 1015              	CAN_NODE_0_LMO_29_Config:
 1016 0000 00000000 	 .word CAN_NODE_0_LMO_29
 1017 0004 3E       	 .byte 62
 1018 0005 00       	 .byte 0
 1019 0006 00       	 .byte 0
 1020 0007 00       	 .byte 0
 1021 0008 00       	 .byte 0
 1022 0009 000000   	 .space 3
 1023              	 .section .data.CAN_NODE_0_LMO_30,"aw",%progbits
 1024              	 .align 3
 1027              	CAN_NODE_0_LMO_30:
 1028 0000 20530148 	 .word 1208046368
 1029 0004 21       	 .byte 33
 1030 0005 21       	 .byte 33
 1031 0006 FF       	 .byte 255
 1032 0007 B8       	 .byte 184
 1033 0008 FF       	 .byte 255
 1034 0009 FF       	 .byte 255
 1035 000a FF       	 .byte 255
 1036 000b 3F       	 .byte 63
 1037 000c 08       	 .byte 8
 1038 000d 000000   	 .space 3
 1039 0010 00000000 	 .word 0
 1040 0014 00000000 	 .word 0
 1041 0018 01       	 .byte 1
 1042 0019 00000000 	 .space 7
 1042      000000
 1043              	 .global CAN_NODE_0_LMO_30_Config
 1044              	 .section .rodata.CAN_NODE_0_LMO_30_Config,"a",%progbits
 1045              	 .align 2
 1048              	CAN_NODE_0_LMO_30_Config:
 1049 0000 00000000 	 .word CAN_NODE_0_LMO_30
 1050 0004 19       	 .byte 25
 1051 0005 00       	 .byte 0
 1052 0006 00       	 .byte 0
 1053 0007 00       	 .byte 0
 1054 0008 00       	 .byte 0
 1055 0009 000000   	 .space 3
 1056              	 .section .data.CAN_NODE_0_LMO_31,"aw",%progbits
 1057              	 .align 3
 1060              	CAN_NODE_0_LMO_31:
 1061 0000 40530148 	 .word 1208046400
 1062 0004 21       	 .byte 33
 1063 0005 01       	 .byte 1
 1064 0006 00       	 .byte 0
 1065 0007 A8       	 .byte 168
 1066 0008 FF       	 .byte 255
 1067 0009 FF       	 .byte 255
 1068 000a FF       	 .byte 255
 1069 000b 3F       	 .byte 63
 1070 000c 08       	 .byte 8
 1071 000d 000000   	 .space 3
 1072 0010 00000000 	 .word 0
 1073 0014 00000000 	 .word 0
 1074 0018 01       	 .byte 1
 1075 0019 00000000 	 .space 7
 1075      000000
 1076              	 .global CAN_NODE_0_LMO_31_Config
 1077              	 .section .rodata.CAN_NODE_0_LMO_31_Config,"a",%progbits
 1078              	 .align 2
 1081              	CAN_NODE_0_LMO_31_Config:
 1082 0000 00000000 	 .word CAN_NODE_0_LMO_31
 1083 0004 1A       	 .byte 26
 1084 0005 00       	 .byte 0
 1085 0006 00       	 .byte 0
 1086 0007 01       	 .byte 1
 1087 0008 00       	 .byte 0
 1088 0009 000000   	 .space 3
 1089              	 .section .data.CAN_NODE_0_LMO_32,"aw",%progbits
 1090              	 .align 3
 1093              	CAN_NODE_0_LMO_32:
 1094 0000 A0570148 	 .word 1208047520
 1095 0004 11       	 .byte 17
 1096 0005 01       	 .byte 1
 1097 0006 00       	 .byte 0
 1098 0007 A8       	 .byte 168
 1099 0008 FF       	 .byte 255
 1100 0009 FF       	 .byte 255
 1101 000a FF       	 .byte 255
 1102 000b 3F       	 .byte 63
 1103 000c 08       	 .byte 8
 1104 000d 000000   	 .space 3
 1105 0010 00000000 	 .word 0
 1106 0014 00000000 	 .word 0
 1107 0018 01       	 .byte 1
 1108 0019 00000000 	 .space 7
 1108      000000
 1109              	 .global CAN_NODE_0_LMO_32_Config
 1110              	 .section .rodata.CAN_NODE_0_LMO_32_Config,"a",%progbits
 1111              	 .align 2
 1114              	CAN_NODE_0_LMO_32_Config:
 1115 0000 00000000 	 .word CAN_NODE_0_LMO_32
 1116 0004 3D       	 .byte 61
 1117 0005 00       	 .byte 0
 1118 0006 00       	 .byte 0
 1119 0007 01       	 .byte 1
 1120 0008 00       	 .byte 0
 1121 0009 000000   	 .space 3
 1122              	 .global CAN_NODE_0
 1123              	 .section .rodata.CAN_NODE_0,"a",%progbits
 1124              	 .align 2
 1127              	CAN_NODE_0:
 1128 0000 00000000 	 .word GLOBAL_CAN_0
 1129 0004 00430148 	 .word 1208042240
 1130 0008 00000000 	 .word CAN_NODE_0_BitTimeConfig
 1131 000c 00000000 	 .word CAN_NODE_0_LMO_01_Config
 1132 0010 00000000 	 .word CAN_NODE_0_LMO_02_Config
 1133 0014 00000000 	 .word CAN_NODE_0_LMO_03_Config
 1134 0018 00000000 	 .word CAN_NODE_0_LMO_04_Config
 1135 001c 00000000 	 .word CAN_NODE_0_LMO_05_Config
 1136 0020 00000000 	 .word CAN_NODE_0_LMO_06_Config
 1137 0024 00000000 	 .word CAN_NODE_0_LMO_07_Config
 1138 0028 00000000 	 .word CAN_NODE_0_LMO_08_Config
 1139 002c 00000000 	 .word CAN_NODE_0_LMO_09_Config
 1140 0030 00000000 	 .word CAN_NODE_0_LMO_10_Config
 1141 0034 00000000 	 .word CAN_NODE_0_LMO_11_Config
 1142 0038 00000000 	 .word CAN_NODE_0_LMO_12_Config
 1143 003c 00000000 	 .word CAN_NODE_0_LMO_13_Config
 1144 0040 00000000 	 .word CAN_NODE_0_LMO_14_Config
 1145 0044 00000000 	 .word CAN_NODE_0_LMO_15_Config
 1146 0048 00000000 	 .word CAN_NODE_0_LMO_16_Config
 1147 004c 00000000 	 .word CAN_NODE_0_LMO_17_Config
 1148 0050 00000000 	 .word CAN_NODE_0_LMO_18_Config
 1149 0054 00000000 	 .word CAN_NODE_0_LMO_19_Config
 1150 0058 00000000 	 .word CAN_NODE_0_LMO_20_Config
 1151 005c 00000000 	 .word CAN_NODE_0_LMO_21_Config
 1152 0060 00000000 	 .word CAN_NODE_0_LMO_22_Config
 1153 0064 00000000 	 .word CAN_NODE_0_LMO_23_Config
 1154 0068 00000000 	 .word CAN_NODE_0_LMO_24_Config
 1155 006c 00000000 	 .word CAN_NODE_0_LMO_25_Config
 1156 0070 00000000 	 .word CAN_NODE_0_LMO_26_Config
 1157 0074 00000000 	 .word CAN_NODE_0_LMO_27_Config
 1158 0078 00000000 	 .word CAN_NODE_0_LMO_28_Config
 1159 007c 00000000 	 .word CAN_NODE_0_LMO_29_Config
 1160 0080 00000000 	 .word CAN_NODE_0_LMO_30_Config
 1161 0084 00000000 	 .word CAN_NODE_0_LMO_31_Config
 1162 0088 00000000 	 .word CAN_NODE_0_LMO_32_Config
 1163 008c 00000000 	 .word CAN_NODE_0_sr
 1164 0090 00000000 	 .word CAN_NODE_0_gpio_out
 1165 0094 00000000 	 .word CAN_NODE_0_gpio_out_config
 1166 0098 00000000 	 .word CAN_NODE_0_gpio_in
 1167 009c 00000000 	 .word CAN_NODE_0_gpio_in_config
 1168 00a0 02       	 .byte 2
 1169 00a1 01       	 .byte 1
 1170 00a2 20       	 .byte 32
 1171 00a3 00       	 .byte 0
 1172 00a4 00       	 .byte 0
 1173 00a5 00       	 .byte 0
 1174 00a6 00       	 .byte 0
 1175 00a7 00       	 .byte 0
 1176              	 .section .rodata.CAN_NODE_1_gpio_out,"a",%progbits
 1177              	 .align 2
 1180              	CAN_NODE_1_gpio_out:
 1181 0000 00830248 	 .word 1208124160
 1182 0004 07       	 .byte 7
 1183 0005 000000   	 .space 3
 1184              	 .section .rodata.CAN_NODE_1_gpio_out_config,"a",%progbits
 1185              	 .align 2
 1188              	CAN_NODE_1_gpio_out_config:
 1189 0000 90       	 .byte -112
 1190 0001 000000   	 .space 3
 1191 0004 01000000 	 .word 1
 1192 0008 02       	 .byte 2
 1193 0009 000000   	 .space 3
 1194              	 .section .rodata.CAN_NODE_1_gpio_in,"a",%progbits
 1195              	 .align 2
 1198              	CAN_NODE_1_gpio_in:
 1199 0000 00830248 	 .word 1208124160
 1200 0004 08       	 .byte 8
 1201 0005 000000   	 .space 3
 1202              	 .section .rodata.CAN_NODE_1_gpio_in_config,"a",%progbits
 1203              	 .align 2
 1206              	CAN_NODE_1_gpio_in_config:
 1207 0000 00000000 	 .space 12
 1207      00000000 
 1207      00000000 
 1208              	 .section .rodata.CAN_NODE_1_BitTimeConfig,"a",%progbits
 1209              	 .align 2
 1212              	CAN_NODE_1_BitTimeConfig:
 1213 0000 00449508 	 .word 144000000
 1214 0004 20A10700 	 .word 500000
 1215 0008 401F     	 .short 8000
 1216 000a 0100     	 .short 1
 1217              	 .section .rodata.CAN_NODE_1_sr,"a",%progbits
 1218              	 .align 2
 1221              	CAN_NODE_1_sr:
 1222 0000 00000000 	 .space 4
 1223              	 .section .data.CAN_NODE_1_LMO_01,"aw",%progbits
 1224              	 .align 3
 1227              	CAN_NODE_1_LMO_01:
 1228 0000 A0530148 	 .word 1208046496
 1229 0004 38       	 .byte 56
 1230 0005 02       	 .byte 2
 1231 0006 00       	 .byte 0
 1232 0007 80       	 .byte 128
 1233 0008 FF       	 .byte 255
 1234 0009 07       	 .byte 7
 1235 000a 00       	 .byte 0
 1236 000b 20       	 .byte 32
 1237 000c 08       	 .byte 8
 1238 000d 000000   	 .space 3
 1239 0010 10101010 	 .word 269488144
 1240 0014 00000000 	 .word 0
 1241 0018 01       	 .byte 1
 1242 0019 00000000 	 .space 7
 1242      000000
 1243              	 .global CAN_NODE_1_LMO_01_Config
 1244              	 .section .rodata.CAN_NODE_1_LMO_01_Config,"a",%progbits
 1245              	 .align 2
 1248              	CAN_NODE_1_LMO_01_Config:
 1249 0000 00000000 	 .word CAN_NODE_1_LMO_01
 1250 0004 1D       	 .byte 29
 1251 0005 00       	 .byte 0
 1252 0006 00       	 .byte 0
 1253 0007 01       	 .byte 1
 1254 0008 00       	 .byte 0
 1255 0009 000000   	 .space 3
 1256              	 .section .data.CAN_NODE_1_LMO_02,"aw",%progbits
 1257              	 .align 3
 1260              	CAN_NODE_1_LMO_02:
 1261 0000 80520148 	 .word 1208046208
 1262 0004 00       	 .byte 0
 1263 0005 01       	 .byte 1
 1264 0006 00       	 .byte 0
 1265 0007 80       	 .byte 128
 1266 0008 FF       	 .byte 255
 1267 0009 07       	 .byte 7
 1268 000a 00       	 .byte 0
 1269 000b 20       	 .byte 32
 1270 000c 08       	 .byte 8
 1271 000d 000000   	 .space 3
 1272 0010 00000000 	 .word 0
 1273 0014 00000000 	 .word 0
 1274 0018 00       	 .byte 0
 1275 0019 00000000 	 .space 7
 1275      000000
 1276              	 .global CAN_NODE_1_LMO_02_Config
 1277              	 .section .rodata.CAN_NODE_1_LMO_02_Config,"a",%progbits
 1278              	 .align 2
 1281              	CAN_NODE_1_LMO_02_Config:
 1282 0000 00000000 	 .word CAN_NODE_1_LMO_02
 1283 0004 14       	 .byte 20
 1284 0005 00       	 .byte 0
 1285 0006 00       	 .byte 0
 1286 0007 00       	 .byte 0
 1287 0008 01       	 .byte 1
 1288 0009 000000   	 .space 3
 1289              	 .section .data.CAN_NODE_1_LMO_03,"aw",%progbits
 1290              	 .align 3
 1293              	CAN_NODE_1_LMO_03:
 1294 0000 E0520148 	 .word 1208046304
 1295 0004 48       	 .byte 72
 1296 0005 02       	 .byte 2
 1297 0006 00       	 .byte 0
 1298 0007 80       	 .byte 128
 1299 0008 FF       	 .byte 255
 1300 0009 07       	 .byte 7
 1301 000a 00       	 .byte 0
 1302 000b 20       	 .byte 32
 1303 000c 08       	 .byte 8
 1304 000d 000000   	 .space 3
 1305 0010 00000000 	 .word 0
 1306 0014 00000000 	 .word 0
 1307 0018 00       	 .byte 0
 1308 0019 00000000 	 .space 7
 1308      000000
 1309              	 .global CAN_NODE_1_LMO_03_Config
 1310              	 .section .rodata.CAN_NODE_1_LMO_03_Config,"a",%progbits
 1311              	 .align 2
 1314              	CAN_NODE_1_LMO_03_Config:
 1315 0000 00000000 	 .word CAN_NODE_1_LMO_03
 1316 0004 17       	 .byte 23
 1317 0005 00       	 .byte 0
 1318 0006 00       	 .byte 0
 1319 0007 00       	 .byte 0
 1320 0008 01       	 .byte 1
 1321 0009 000000   	 .space 3
 1322              	 .section .data.CAN_NODE_1_LMO_04,"aw",%progbits
 1323              	 .align 3
 1326              	CAN_NODE_1_LMO_04:
 1327 0000 00530148 	 .word 1208046336
 1328 0004 02       	 .byte 2
 1329 0005 01       	 .byte 1
 1330 0006 00       	 .byte 0
 1331 0007 80       	 .byte 128
 1332 0008 FF       	 .byte 255
 1333 0009 07       	 .byte 7
 1334 000a 00       	 .byte 0
 1335 000b 20       	 .byte 32
 1336 000c 08       	 .byte 8
 1337 000d 000000   	 .space 3
 1338 0010 00000000 	 .word 0
 1339 0014 00000000 	 .word 0
 1340 0018 00       	 .byte 0
 1341 0019 00000000 	 .space 7
 1341      000000
 1342              	 .global CAN_NODE_1_LMO_04_Config
 1343              	 .section .rodata.CAN_NODE_1_LMO_04_Config,"a",%progbits
 1344              	 .align 2
 1347              	CAN_NODE_1_LMO_04_Config:
 1348 0000 00000000 	 .word CAN_NODE_1_LMO_04
 1349 0004 18       	 .byte 24
 1350 0005 00       	 .byte 0
 1351 0006 00       	 .byte 0
 1352 0007 00       	 .byte 0
 1353 0008 01       	 .byte 1
 1354 0009 000000   	 .space 3
 1355              	 .section .data.CAN_NODE_1_LMO_05,"aw",%progbits
 1356              	 .align 3
 1359              	CAN_NODE_1_LMO_05:
 1360 0000 A0520148 	 .word 1208046240
 1361 0004 03       	 .byte 3
 1362 0005 01       	 .byte 1
 1363 0006 00       	 .byte 0
 1364 0007 80       	 .byte 128
 1365 0008 FF       	 .byte 255
 1366 0009 07       	 .byte 7
 1367 000a 00       	 .byte 0
 1368 000b 20       	 .byte 32
 1369 000c 08       	 .byte 8
 1370 000d 000000   	 .space 3
 1371 0010 00000000 	 .word 0
 1372 0014 00000000 	 .word 0
 1373 0018 00       	 .byte 0
 1374 0019 00000000 	 .space 7
 1374      000000
 1375              	 .global CAN_NODE_1_LMO_05_Config
 1376              	 .section .rodata.CAN_NODE_1_LMO_05_Config,"a",%progbits
 1377              	 .align 2
 1380              	CAN_NODE_1_LMO_05_Config:
 1381 0000 00000000 	 .word CAN_NODE_1_LMO_05
 1382 0004 15       	 .byte 21
 1383 0005 00       	 .byte 0
 1384 0006 00       	 .byte 0
 1385 0007 00       	 .byte 0
 1386 0008 01       	 .byte 1
 1387 0009 000000   	 .space 3
 1388              	 .section .data.CAN_NODE_1_LMO_06,"aw",%progbits
 1389              	 .align 3
 1392              	CAN_NODE_1_LMO_06:
 1393 0000 C0520148 	 .word 1208046272
 1394 0004 04       	 .byte 4
 1395 0005 01       	 .byte 1
 1396 0006 00       	 .byte 0
 1397 0007 80       	 .byte 128
 1398 0008 FF       	 .byte 255
 1399 0009 07       	 .byte 7
 1400 000a 00       	 .byte 0
 1401 000b 20       	 .byte 32
 1402 000c 08       	 .byte 8
 1403 000d 000000   	 .space 3
 1404 0010 00000000 	 .word 0
 1405 0014 00000000 	 .word 0
 1406 0018 00       	 .byte 0
 1407 0019 00000000 	 .space 7
 1407      000000
 1408              	 .global CAN_NODE_1_LMO_06_Config
 1409              	 .section .rodata.CAN_NODE_1_LMO_06_Config,"a",%progbits
 1410              	 .align 2
 1413              	CAN_NODE_1_LMO_06_Config:
 1414 0000 00000000 	 .word CAN_NODE_1_LMO_06
 1415 0004 16       	 .byte 22
 1416 0005 00       	 .byte 0
 1417 0006 00       	 .byte 0
 1418 0007 00       	 .byte 0
 1419 0008 01       	 .byte 1
 1420 0009 000000   	 .space 3
 1421              	 .section .data.CAN_NODE_1_LMO_07,"aw",%progbits
 1422              	 .align 3
 1425              	CAN_NODE_1_LMO_07:
 1426 0000 C0500148 	 .word 1208045760
 1427 0004 05       	 .byte 5
 1428 0005 01       	 .byte 1
 1429 0006 00       	 .byte 0
 1430 0007 80       	 .byte 128
 1431 0008 FF       	 .byte 255
 1432 0009 07       	 .byte 7
 1433 000a 00       	 .byte 0
 1434 000b 20       	 .byte 32
 1435 000c 08       	 .byte 8
 1436 000d 000000   	 .space 3
 1437 0010 00000000 	 .word 0
 1438 0014 00000000 	 .word 0
 1439 0018 00       	 .byte 0
 1440 0019 00000000 	 .space 7
 1440      000000
 1441              	 .global CAN_NODE_1_LMO_07_Config
 1442              	 .section .rodata.CAN_NODE_1_LMO_07_Config,"a",%progbits
 1443              	 .align 2
 1446              	CAN_NODE_1_LMO_07_Config:
 1447 0000 00000000 	 .word CAN_NODE_1_LMO_07
 1448 0004 06       	 .byte 6
 1449 0005 00       	 .byte 0
 1450 0006 00       	 .byte 0
 1451 0007 00       	 .byte 0
 1452 0008 00       	 .byte 0
 1453 0009 000000   	 .space 3
 1454              	 .section .data.CAN_NODE_1_LMO_08,"aw",%progbits
 1455              	 .align 3
 1458              	CAN_NODE_1_LMO_08:
 1459 0000 A0500148 	 .word 1208045728
 1460 0004 13       	 .byte 19
 1461 0005 01       	 .byte 1
 1462 0006 00       	 .byte 0
 1463 0007 80       	 .byte 128
 1464 0008 FF       	 .byte 255
 1465 0009 07       	 .byte 7
 1466 000a 00       	 .byte 0
 1467 000b 20       	 .byte 32
 1468 000c 08       	 .byte 8
 1469 000d 000000   	 .space 3
 1470 0010 00000000 	 .word 0
 1471 0014 00000000 	 .word 0
 1472 0018 00       	 .byte 0
 1473 0019 00000000 	 .space 7
 1473      000000
 1474              	 .global CAN_NODE_1_LMO_08_Config
 1475              	 .section .rodata.CAN_NODE_1_LMO_08_Config,"a",%progbits
 1476              	 .align 2
 1479              	CAN_NODE_1_LMO_08_Config:
 1480 0000 00000000 	 .word CAN_NODE_1_LMO_08
 1481 0004 05       	 .byte 5
 1482 0005 00       	 .byte 0
 1483 0006 00       	 .byte 0
 1484 0007 00       	 .byte 0
 1485 0008 00       	 .byte 0
 1486 0009 000000   	 .space 3
 1487              	 .section .data.CAN_NODE_1_LMO_09,"aw",%progbits
 1488              	 .align 3
 1491              	CAN_NODE_1_LMO_09:
 1492 0000 00510148 	 .word 1208045824
 1493 0004 14       	 .byte 20
 1494 0005 01       	 .byte 1
 1495 0006 00       	 .byte 0
 1496 0007 80       	 .byte 128
 1497 0008 FF       	 .byte 255
 1498 0009 07       	 .byte 7
 1499 000a 00       	 .byte 0
 1500 000b 20       	 .byte 32
 1501 000c 08       	 .byte 8
 1502 000d 000000   	 .space 3
 1503 0010 00000000 	 .word 0
 1504 0014 00000000 	 .word 0
 1505 0018 00       	 .byte 0
 1506 0019 00000000 	 .space 7
 1506      000000
 1507              	 .global CAN_NODE_1_LMO_09_Config
 1508              	 .section .rodata.CAN_NODE_1_LMO_09_Config,"a",%progbits
 1509              	 .align 2
 1512              	CAN_NODE_1_LMO_09_Config:
 1513 0000 00000000 	 .word CAN_NODE_1_LMO_09
 1514 0004 08       	 .byte 8
 1515 0005 00       	 .byte 0
 1516 0006 00       	 .byte 0
 1517 0007 00       	 .byte 0
 1518 0008 01       	 .byte 1
 1519 0009 000000   	 .space 3
 1520              	 .section .data.CAN_NODE_1_LMO_10,"aw",%progbits
 1521              	 .align 3
 1524              	CAN_NODE_1_LMO_10:
 1525 0000 E0500148 	 .word 1208045792
 1526 0004 16       	 .byte 22
 1527 0005 01       	 .byte 1
 1528 0006 00       	 .byte 0
 1529 0007 80       	 .byte 128
 1530 0008 FF       	 .byte 255
 1531 0009 07       	 .byte 7
 1532 000a 00       	 .byte 0
 1533 000b 20       	 .byte 32
 1534 000c 08       	 .byte 8
 1535 000d 000000   	 .space 3
 1536 0010 00000000 	 .word 0
 1537 0014 00000000 	 .word 0
 1538 0018 00       	 .byte 0
 1539 0019 00000000 	 .space 7
 1539      000000
 1540              	 .global CAN_NODE_1_LMO_10_Config
 1541              	 .section .rodata.CAN_NODE_1_LMO_10_Config,"a",%progbits
 1542              	 .align 2
 1545              	CAN_NODE_1_LMO_10_Config:
 1546 0000 00000000 	 .word CAN_NODE_1_LMO_10
 1547 0004 07       	 .byte 7
 1548 0005 00       	 .byte 0
 1549 0006 00       	 .byte 0
 1550 0007 00       	 .byte 0
 1551 0008 01       	 .byte 1
 1552 0009 000000   	 .space 3
 1553              	 .section .data.CAN_NODE_1_LMO_11,"aw",%progbits
 1554              	 .align 3
 1557              	CAN_NODE_1_LMO_11:
 1558 0000 80570148 	 .word 1208047488
 1559 0004 C5       	 .byte 197
 1560 0005 04       	 .byte 4
 1561 0006 00       	 .byte 0
 1562 0007 80       	 .byte 128
 1563 0008 FF       	 .byte 255
 1564 0009 07       	 .byte 7
 1565 000a 00       	 .byte 0
 1566 000b 20       	 .byte 32
 1567 000c 08       	 .byte 8
 1568 000d 000000   	 .space 3
 1569 0010 00000000 	 .word 0
 1570 0014 00000000 	 .word 0
 1571 0018 01       	 .byte 1
 1572 0019 00000000 	 .space 7
 1572      000000
 1573              	 .global CAN_NODE_1_LMO_11_Config
 1574              	 .section .rodata.CAN_NODE_1_LMO_11_Config,"a",%progbits
 1575              	 .align 2
 1578              	CAN_NODE_1_LMO_11_Config:
 1579 0000 00000000 	 .word CAN_NODE_1_LMO_11
 1580 0004 3C       	 .byte 60
 1581 0005 00       	 .byte 0
 1582 0006 00       	 .byte 0
 1583 0007 01       	 .byte 1
 1584 0008 00       	 .byte 0
 1585 0009 000000   	 .space 3
 1586              	 .section .data.CAN_NODE_1_LMO_12,"aw",%progbits
 1587              	 .align 3
 1590              	CAN_NODE_1_LMO_12:
 1591 0000 20510148 	 .word 1208045856
 1592 0004 6A       	 .byte 106
 1593 0005 03       	 .byte 3
 1594 0006 00       	 .byte 0
 1595 0007 80       	 .byte 128
 1596 0008 FF       	 .byte 255
 1597 0009 07       	 .byte 7
 1598 000a 00       	 .byte 0
 1599 000b 20       	 .byte 32
 1600 000c 08       	 .byte 8
 1601 000d 000000   	 .space 3
 1602 0010 00000000 	 .word 0
 1603 0014 00000000 	 .word 0
 1604 0018 01       	 .byte 1
 1605 0019 00000000 	 .space 7
 1605      000000
 1606              	 .global CAN_NODE_1_LMO_12_Config
 1607              	 .section .rodata.CAN_NODE_1_LMO_12_Config,"a",%progbits
 1608              	 .align 2
 1611              	CAN_NODE_1_LMO_12_Config:
 1612 0000 00000000 	 .word CAN_NODE_1_LMO_12
 1613 0004 09       	 .byte 9
 1614 0005 00       	 .byte 0
 1615 0006 00       	 .byte 0
 1616 0007 01       	 .byte 1
 1617 0008 00       	 .byte 0
 1618 0009 000000   	 .space 3
 1619              	 .section .data.CAN_NODE_1_LMO_13,"aw",%progbits
 1620              	 .align 3
 1623              	CAN_NODE_1_LMO_13:
 1624 0000 80540148 	 .word 1208046720
 1625 0004 91       	 .byte 145
 1626 0005 03       	 .byte 3
 1627 0006 00       	 .byte 0
 1628 0007 80       	 .byte 128
 1629 0008 FF       	 .byte 255
 1630 0009 07       	 .byte 7
 1631 000a 00       	 .byte 0
 1632 000b 20       	 .byte 32
 1633 000c 08       	 .byte 8
 1634 000d 000000   	 .space 3
 1635 0010 00000000 	 .word 0
 1636 0014 00000000 	 .word 0
 1637 0018 01       	 .byte 1
 1638 0019 00000000 	 .space 7
 1638      000000
 1639              	 .global CAN_NODE_1_LMO_13_Config
 1640              	 .section .rodata.CAN_NODE_1_LMO_13_Config,"a",%progbits
 1641              	 .align 2
 1644              	CAN_NODE_1_LMO_13_Config:
 1645 0000 00000000 	 .word CAN_NODE_1_LMO_13
 1646 0004 24       	 .byte 36
 1647 0005 00       	 .byte 0
 1648 0006 00       	 .byte 0
 1649 0007 01       	 .byte 1
 1650 0008 00       	 .byte 0
 1651 0009 000000   	 .space 3
 1652              	 .section .data.CAN_NODE_1_LMO_14,"aw",%progbits
 1653              	 .align 3
 1656              	CAN_NODE_1_LMO_14:
 1657 0000 A0540148 	 .word 1208046752
 1658 0004 88       	 .byte 136
 1659 0005 03       	 .byte 3
 1660 0006 00       	 .byte 0
 1661 0007 80       	 .byte 128
 1662 0008 FF       	 .byte 255
 1663 0009 07       	 .byte 7
 1664 000a 00       	 .byte 0
 1665 000b 20       	 .byte 32
 1666 000c 08       	 .byte 8
 1667 000d 000000   	 .space 3
 1668 0010 00000000 	 .word 0
 1669 0014 00000000 	 .word 0
 1670 0018 00       	 .byte 0
 1671 0019 00000000 	 .space 7
 1671      000000
 1672              	 .global CAN_NODE_1_LMO_14_Config
 1673              	 .section .rodata.CAN_NODE_1_LMO_14_Config,"a",%progbits
 1674              	 .align 2
 1677              	CAN_NODE_1_LMO_14_Config:
 1678 0000 00000000 	 .word CAN_NODE_1_LMO_14
 1679 0004 25       	 .byte 37
 1680 0005 00       	 .byte 0
 1681 0006 00       	 .byte 0
 1682 0007 00       	 .byte 0
 1683 0008 01       	 .byte 1
 1684 0009 000000   	 .space 3
 1685              	 .section .data.CAN_NODE_1_LMO_15,"aw",%progbits
 1686              	 .align 3
 1689              	CAN_NODE_1_LMO_15:
 1690 0000 C0540148 	 .word 1208046784
 1691 0004 7D       	 .byte 125
 1692 0005 01       	 .byte 1
 1693 0006 00       	 .byte 0
 1694 0007 80       	 .byte 128
 1695 0008 FF       	 .byte 255
 1696 0009 07       	 .byte 7
 1697 000a 00       	 .byte 0
 1698 000b 20       	 .byte 32
 1699 000c 08       	 .byte 8
 1700 000d 000000   	 .space 3
 1701 0010 00000000 	 .word 0
 1702 0014 00000000 	 .word 0
 1703 0018 01       	 .byte 1
 1704 0019 00000000 	 .space 7
 1704      000000
 1705              	 .global CAN_NODE_1_LMO_15_Config
 1706              	 .section .rodata.CAN_NODE_1_LMO_15_Config,"a",%progbits
 1707              	 .align 2
 1710              	CAN_NODE_1_LMO_15_Config:
 1711 0000 00000000 	 .word CAN_NODE_1_LMO_15
 1712 0004 26       	 .byte 38
 1713 0005 00       	 .byte 0
 1714 0006 00       	 .byte 0
 1715 0007 01       	 .byte 1
 1716 0008 00       	 .byte 0
 1717 0009 000000   	 .space 3
 1718              	 .section .data.CAN_NODE_1_LMO_16,"aw",%progbits
 1719              	 .align 3
 1722              	CAN_NODE_1_LMO_16:
 1723 0000 E0540148 	 .word 1208046816
 1724 0004 E5       	 .byte 229
 1725 0005 01       	 .byte 1
 1726 0006 00       	 .byte 0
 1727 0007 80       	 .byte 128
 1728 0008 FF       	 .byte 255
 1729 0009 07       	 .byte 7
 1730 000a 00       	 .byte 0
 1731 000b 20       	 .byte 32
 1732 000c 08       	 .byte 8
 1733 000d 000000   	 .space 3
 1734 0010 00000000 	 .word 0
 1735 0014 00000000 	 .word 0
 1736 0018 01       	 .byte 1
 1737 0019 00000000 	 .space 7
 1737      000000
 1738              	 .global CAN_NODE_1_LMO_16_Config
 1739              	 .section .rodata.CAN_NODE_1_LMO_16_Config,"a",%progbits
 1740              	 .align 2
 1743              	CAN_NODE_1_LMO_16_Config:
 1744 0000 00000000 	 .word CAN_NODE_1_LMO_16
 1745 0004 27       	 .byte 39
 1746 0005 00       	 .byte 0
 1747 0006 00       	 .byte 0
 1748 0007 00       	 .byte 0
 1749 0008 00       	 .byte 0
 1750 0009 000000   	 .space 3
 1751              	 .section .data.CAN_NODE_1_LMO_17,"aw",%progbits
 1752              	 .align 3
 1755              	CAN_NODE_1_LMO_17:
 1756 0000 C0530148 	 .word 1208046528
 1757 0004 10       	 .byte 16
 1758 0005 00       	 .byte 0
 1759 0006 00       	 .byte 0
 1760 0007 A0       	 .byte 160
 1761 0008 FF       	 .byte 255
 1762 0009 FF       	 .byte 255
 1763 000a FF       	 .byte 255
 1764 000b 3F       	 .byte 63
 1765 000c 08       	 .byte 8
 1766 000d 000000   	 .space 3
 1767 0010 00000000 	 .word 0
 1768 0014 00000000 	 .word 0
 1769 0018 01       	 .byte 1
 1770 0019 00000000 	 .space 7
 1770      000000
 1771              	 .global CAN_NODE_1_LMO_17_Config
 1772              	 .section .rodata.CAN_NODE_1_LMO_17_Config,"a",%progbits
 1773              	 .align 2
 1776              	CAN_NODE_1_LMO_17_Config:
 1777 0000 00000000 	 .word CAN_NODE_1_LMO_17
 1778 0004 1E       	 .byte 30
 1779 0005 00       	 .byte 0
 1780 0006 00       	 .byte 0
 1781 0007 00       	 .byte 0
 1782 0008 00       	 .byte 0
 1783 0009 000000   	 .space 3
 1784              	 .section .data.CAN_NODE_1_LMO_18,"aw",%progbits
 1785              	 .align 3
 1788              	CAN_NODE_1_LMO_18:
 1789 0000 E0530148 	 .word 1208046560
 1790 0004 20       	 .byte 32
 1791 0005 00       	 .byte 0
 1792 0006 00       	 .byte 0
 1793 0007 A0       	 .byte 160
 1794 0008 FF       	 .byte 255
 1795 0009 FF       	 .byte 255
 1796 000a FF       	 .byte 255
 1797 000b 3F       	 .byte 63
 1798 000c 08       	 .byte 8
 1799 000d 000000   	 .space 3
 1800 0010 00000000 	 .word 0
 1801 0014 00000000 	 .word 0
 1802 0018 01       	 .byte 1
 1803 0019 00000000 	 .space 7
 1803      000000
 1804              	 .global CAN_NODE_1_LMO_18_Config
 1805              	 .section .rodata.CAN_NODE_1_LMO_18_Config,"a",%progbits
 1806              	 .align 2
 1809              	CAN_NODE_1_LMO_18_Config:
 1810 0000 00000000 	 .word CAN_NODE_1_LMO_18
 1811 0004 1F       	 .byte 31
 1812 0005 00       	 .byte 0
 1813 0006 00       	 .byte 0
 1814 0007 00       	 .byte 0
 1815 0008 00       	 .byte 0
 1816 0009 000000   	 .space 3
 1817              	 .section .data.CAN_NODE_1_LMO_19,"aw",%progbits
 1818              	 .align 3
 1821              	CAN_NODE_1_LMO_19:
 1822 0000 00540148 	 .word 1208046592
 1823 0004 21       	 .byte 33
 1824 0005 00       	 .byte 0
 1825 0006 00       	 .byte 0
 1826 0007 A0       	 .byte 160
 1827 0008 FF       	 .byte 255
 1828 0009 FF       	 .byte 255
 1829 000a FF       	 .byte 255
 1830 000b 3F       	 .byte 63
 1831 000c 08       	 .byte 8
 1832 000d 000000   	 .space 3
 1833 0010 00000000 	 .word 0
 1834 0014 00000000 	 .word 0
 1835 0018 01       	 .byte 1
 1836 0019 00000000 	 .space 7
 1836      000000
 1837              	 .global CAN_NODE_1_LMO_19_Config
 1838              	 .section .rodata.CAN_NODE_1_LMO_19_Config,"a",%progbits
 1839              	 .align 2
 1842              	CAN_NODE_1_LMO_19_Config:
 1843 0000 00000000 	 .word CAN_NODE_1_LMO_19
 1844 0004 20       	 .byte 32
 1845 0005 00       	 .byte 0
 1846 0006 00       	 .byte 0
 1847 0007 00       	 .byte 0
 1848 0008 00       	 .byte 0
 1849 0009 000000   	 .space 3
 1850              	 .section .data.CAN_NODE_1_LMO_20,"aw",%progbits
 1851              	 .align 3
 1854              	CAN_NODE_1_LMO_20:
 1855 0000 20540148 	 .word 1208046624
 1856 0004 13       	 .byte 19
 1857 0005 00       	 .byte 0
 1858 0006 00       	 .byte 0
 1859 0007 A0       	 .byte 160
 1860 0008 FF       	 .byte 255
 1861 0009 FF       	 .byte 255
 1862 000a FF       	 .byte 255
 1863 000b 3F       	 .byte 63
 1864 000c 08       	 .byte 8
 1865 000d 000000   	 .space 3
 1866 0010 00000000 	 .word 0
 1867 0014 00000000 	 .word 0
 1868 0018 00       	 .byte 0
 1869 0019 00000000 	 .space 7
 1869      000000
 1870              	 .global CAN_NODE_1_LMO_20_Config
 1871              	 .section .rodata.CAN_NODE_1_LMO_20_Config,"a",%progbits
 1872              	 .align 2
 1875              	CAN_NODE_1_LMO_20_Config:
 1876 0000 00000000 	 .word CAN_NODE_1_LMO_20
 1877 0004 21       	 .byte 33
 1878 0005 00       	 .byte 0
 1879 0006 00       	 .byte 0
 1880 0007 00       	 .byte 0
 1881 0008 01       	 .byte 1
 1882 0009 000000   	 .space 3
 1883              	 .section .data.CAN_NODE_1_LMO_21,"aw",%progbits
 1884              	 .align 3
 1887              	CAN_NODE_1_LMO_21:
 1888 0000 40540148 	 .word 1208046656
 1889 0004 12       	 .byte 18
 1890 0005 00       	 .byte 0
 1891 0006 00       	 .byte 0
 1892 0007 A0       	 .byte 160
 1893 0008 FF       	 .byte 255
 1894 0009 FF       	 .byte 255
 1895 000a FF       	 .byte 255
 1896 000b 3F       	 .byte 63
 1897 000c 08       	 .byte 8
 1898 000d 000000   	 .space 3
 1899 0010 00000000 	 .word 0
 1900 0014 00000000 	 .word 0
 1901 0018 00       	 .byte 0
 1902 0019 00000000 	 .space 7
 1902      000000
 1903              	 .global CAN_NODE_1_LMO_21_Config
 1904              	 .section .rodata.CAN_NODE_1_LMO_21_Config,"a",%progbits
 1905              	 .align 2
 1908              	CAN_NODE_1_LMO_21_Config:
 1909 0000 00000000 	 .word CAN_NODE_1_LMO_21
 1910 0004 22       	 .byte 34
 1911 0005 00       	 .byte 0
 1912 0006 00       	 .byte 0
 1913 0007 00       	 .byte 0
 1914 0008 00       	 .byte 0
 1915 0009 000000   	 .space 3
 1916              	 .section .data.CAN_NODE_1_LMO_22,"aw",%progbits
 1917              	 .align 3
 1920              	CAN_NODE_1_LMO_22:
 1921 0000 60540148 	 .word 1208046688
 1922 0004 30       	 .byte 48
 1923 0005 00       	 .byte 0
 1924 0006 00       	 .byte 0
 1925 0007 A0       	 .byte 160
 1926 0008 FF       	 .byte 255
 1927 0009 FF       	 .byte 255
 1928 000a FF       	 .byte 255
 1929 000b 3F       	 .byte 63
 1930 000c 08       	 .byte 8
 1931 000d 000000   	 .space 3
 1932 0010 00000000 	 .word 0
 1933 0014 00000000 	 .word 0
 1934 0018 00       	 .byte 0
 1935 0019 00000000 	 .space 7
 1935      000000
 1936              	 .global CAN_NODE_1_LMO_22_Config
 1937              	 .section .rodata.CAN_NODE_1_LMO_22_Config,"a",%progbits
 1938              	 .align 2
 1941              	CAN_NODE_1_LMO_22_Config:
 1942 0000 00000000 	 .word CAN_NODE_1_LMO_22
 1943 0004 23       	 .byte 35
 1944 0005 00       	 .byte 0
 1945 0006 00       	 .byte 0
 1946 0007 00       	 .byte 0
 1947 0008 00       	 .byte 0
 1948 0009 000000   	 .space 3
 1949              	 .global CAN_NODE_1
 1950              	 .section .rodata.CAN_NODE_1,"a",%progbits
 1951              	 .align 2
 1954              	CAN_NODE_1:
 1955 0000 00000000 	 .word GLOBAL_CAN_0
 1956 0004 00440148 	 .word 1208042496
 1957 0008 00000000 	 .word CAN_NODE_1_BitTimeConfig
 1958 000c 00000000 	 .word CAN_NODE_1_LMO_01_Config
 1959 0010 00000000 	 .word CAN_NODE_1_LMO_02_Config
 1960 0014 00000000 	 .word CAN_NODE_1_LMO_03_Config
 1961 0018 00000000 	 .word CAN_NODE_1_LMO_04_Config
 1962 001c 00000000 	 .word CAN_NODE_1_LMO_05_Config
 1963 0020 00000000 	 .word CAN_NODE_1_LMO_06_Config
 1964 0024 00000000 	 .word CAN_NODE_1_LMO_07_Config
 1965 0028 00000000 	 .word CAN_NODE_1_LMO_08_Config
 1966 002c 00000000 	 .word CAN_NODE_1_LMO_09_Config
 1967 0030 00000000 	 .word CAN_NODE_1_LMO_10_Config
 1968 0034 00000000 	 .word CAN_NODE_1_LMO_11_Config
 1969 0038 00000000 	 .word CAN_NODE_1_LMO_12_Config
 1970 003c 00000000 	 .word CAN_NODE_1_LMO_13_Config
 1971 0040 00000000 	 .word CAN_NODE_1_LMO_14_Config
 1972 0044 00000000 	 .word CAN_NODE_1_LMO_15_Config
 1973 0048 00000000 	 .word CAN_NODE_1_LMO_16_Config
 1974 004c 00000000 	 .word CAN_NODE_1_LMO_17_Config
 1975 0050 00000000 	 .word CAN_NODE_1_LMO_18_Config
 1976 0054 00000000 	 .word CAN_NODE_1_LMO_19_Config
 1977 0058 00000000 	 .word CAN_NODE_1_LMO_20_Config
 1978 005c 00000000 	 .word CAN_NODE_1_LMO_21_Config
 1979 0060 00000000 	 .word CAN_NODE_1_LMO_22_Config
 1980 0064 00000000 	 .word 0
 1981 0068 00000000 	 .word 0
 1982 006c 00000000 	 .word 0
 1983 0070 00000000 	 .word 0
 1984 0074 00000000 	 .word 0
 1985 0078 00000000 	 .word 0
 1986 007c 00000000 	 .word 0
 1987 0080 00000000 	 .word 0
 1988 0084 00000000 	 .word 0
 1989 0088 00000000 	 .word 0
 1990 008c 00000000 	 .word CAN_NODE_1_sr
 1991 0090 00000000 	 .word CAN_NODE_1_gpio_out
 1992 0094 00000000 	 .word CAN_NODE_1_gpio_out_config
 1993 0098 00000000 	 .word CAN_NODE_1_gpio_in
 1994 009c 00000000 	 .word CAN_NODE_1_gpio_in_config
 1995 00a0 01       	 .byte 1
 1996 00a1 02       	 .byte 2
 1997 00a2 16       	 .byte 22
 1998 00a3 00       	 .byte 0
 1999 00a4 00       	 .byte 0
 2000 00a5 00       	 .byte 0
 2001 00a6 00       	 .byte 0
 2002 00a7 00       	 .byte 0
 2003              	 .section .rodata.CAN_NODE_2_gpio_out,"a",%progbits
 2004              	 .align 2
 2007              	CAN_NODE_2_gpio_out:
 2008 0000 00850248 	 .word 1208124672
 2009 0004 0B       	 .byte 11
 2010 0005 000000   	 .space 3
 2011              	 .section .rodata.CAN_NODE_2_gpio_out_config,"a",%progbits
 2012              	 .align 2
 2015              	CAN_NODE_2_gpio_out_config:
 2016 0000 A0       	 .byte -96
 2017 0001 000000   	 .space 3
 2018 0004 01000000 	 .word 1
 2019 0008 02       	 .byte 2
 2020 0009 000000   	 .space 3
 2021              	 .section .rodata.CAN_NODE_2_gpio_in,"a",%progbits
 2022              	 .align 2
 2025              	CAN_NODE_2_gpio_in:
 2026 0000 00850248 	 .word 1208124672
 2027 0004 0A       	 .byte 10
 2028 0005 000000   	 .space 3
 2029              	 .section .rodata.CAN_NODE_2_gpio_in_config,"a",%progbits
 2030              	 .align 2
 2033              	CAN_NODE_2_gpio_in_config:
 2034 0000 00000000 	 .space 12
 2034      00000000 
 2034      00000000 
 2035              	 .section .rodata.CAN_NODE_2_BitTimeConfig,"a",%progbits
 2036              	 .align 2
 2039              	CAN_NODE_2_BitTimeConfig:
 2040 0000 00449508 	 .word 144000000
 2041 0004 20A10700 	 .word 500000
 2042 0008 401F     	 .short 8000
 2043 000a 0100     	 .short 1
 2044              	 .section .rodata.CAN_NODE_2_sr,"a",%progbits
 2045              	 .align 2
 2048              	CAN_NODE_2_sr:
 2049 0000 00000000 	 .space 4
 2050              	 .section .data.CAN_NODE_2_LMO_01,"aw",%progbits
 2051              	 .align 3
 2054              	CAN_NODE_2_LMO_01:
 2055 0000 20570148 	 .word 1208047392
 2056 0004 E1       	 .byte 225
 2057 0005 05       	 .byte 5
 2058 0006 00       	 .byte 0
 2059 0007 80       	 .byte 128
 2060 0008 FF       	 .byte 255
 2061 0009 07       	 .byte 7
 2062 000a 00       	 .byte 0
 2063 000b 20       	 .byte 32
 2064 000c 08       	 .byte 8
 2065 000d 000000   	 .space 3
 2066 0010 00000000 	 .word 0
 2067 0014 00000000 	 .word 0
 2068 0018 01       	 .byte 1
 2069 0019 00000000 	 .space 7
 2069      000000
 2070              	 .global CAN_NODE_2_LMO_01_Config
 2071              	 .section .rodata.CAN_NODE_2_LMO_01_Config,"a",%progbits
 2072              	 .align 2
 2075              	CAN_NODE_2_LMO_01_Config:
 2076 0000 00000000 	 .word CAN_NODE_2_LMO_01
 2077 0004 39       	 .byte 57
 2078 0005 00       	 .byte 0
 2079 0006 00       	 .byte 0
 2080 0007 00       	 .byte 0
 2081 0008 00       	 .byte 0
 2082 0009 000000   	 .space 3
 2083              	 .section .data.CAN_NODE_2_LMO_02,"aw",%progbits
 2084              	 .align 3
 2087              	CAN_NODE_2_LMO_02:
 2088 0000 00570148 	 .word 1208047360
 2089 0004 E2       	 .byte 226
 2090 0005 05       	 .byte 5
 2091 0006 00       	 .byte 0
 2092 0007 80       	 .byte 128
 2093 0008 FF       	 .byte 255
 2094 0009 07       	 .byte 7
 2095 000a 00       	 .byte 0
 2096 000b 20       	 .byte 32
 2097 000c 08       	 .byte 8
 2098 000d 000000   	 .space 3
 2099 0010 00000000 	 .word 0
 2100 0014 00000000 	 .word 0
 2101 0018 01       	 .byte 1
 2102 0019 00000000 	 .space 7
 2102      000000
 2103              	 .global CAN_NODE_2_LMO_02_Config
 2104              	 .section .rodata.CAN_NODE_2_LMO_02_Config,"a",%progbits
 2105              	 .align 2
 2108              	CAN_NODE_2_LMO_02_Config:
 2109 0000 00000000 	 .word CAN_NODE_2_LMO_02
 2110 0004 38       	 .byte 56
 2111 0005 00       	 .byte 0
 2112 0006 00       	 .byte 0
 2113 0007 00       	 .byte 0
 2114 0008 00       	 .byte 0
 2115 0009 000000   	 .space 3
 2116              	 .section .data.CAN_NODE_2_LMO_03,"aw",%progbits
 2117              	 .align 3
 2120              	CAN_NODE_2_LMO_03:
 2121 0000 C0510148 	 .word 1208046016
 2122 0004 E3       	 .byte 227
 2123 0005 05       	 .byte 5
 2124 0006 00       	 .byte 0
 2125 0007 80       	 .byte 128
 2126 0008 FF       	 .byte 255
 2127 0009 07       	 .byte 7
 2128 000a 00       	 .byte 0
 2129 000b 20       	 .byte 32
 2130 000c 08       	 .byte 8
 2131 000d 000000   	 .space 3
 2132 0010 00000000 	 .word 0
 2133 0014 00000000 	 .word 0
 2134 0018 01       	 .byte 1
 2135 0019 00000000 	 .space 7
 2135      000000
 2136              	 .global CAN_NODE_2_LMO_03_Config
 2137              	 .section .rodata.CAN_NODE_2_LMO_03_Config,"a",%progbits
 2138              	 .align 2
 2141              	CAN_NODE_2_LMO_03_Config:
 2142 0000 00000000 	 .word CAN_NODE_2_LMO_03
 2143 0004 0E       	 .byte 14
 2144 0005 00       	 .byte 0
 2145 0006 00       	 .byte 0
 2146 0007 00       	 .byte 0
 2147 0008 00       	 .byte 0
 2148 0009 000000   	 .space 3
 2149              	 .section .data.CAN_NODE_2_LMO_04,"aw",%progbits
 2150              	 .align 3
 2153              	CAN_NODE_2_LMO_04:
 2154 0000 60560148 	 .word 1208047200
 2155 0004 E4       	 .byte 228
 2156 0005 05       	 .byte 5
 2157 0006 00       	 .byte 0
 2158 0007 80       	 .byte 128
 2159 0008 FF       	 .byte 255
 2160 0009 07       	 .byte 7
 2161 000a 00       	 .byte 0
 2162 000b 20       	 .byte 32
 2163 000c 08       	 .byte 8
 2164 000d 000000   	 .space 3
 2165 0010 00000000 	 .word 0
 2166 0014 00000000 	 .word 0
 2167 0018 01       	 .byte 1
 2168 0019 00000000 	 .space 7
 2168      000000
 2169              	 .global CAN_NODE_2_LMO_04_Config
 2170              	 .section .rodata.CAN_NODE_2_LMO_04_Config,"a",%progbits
 2171              	 .align 2
 2174              	CAN_NODE_2_LMO_04_Config:
 2175 0000 00000000 	 .word CAN_NODE_2_LMO_04
 2176 0004 33       	 .byte 51
 2177 0005 00       	 .byte 0
 2178 0006 00       	 .byte 0
 2179 0007 00       	 .byte 0
 2180 0008 00       	 .byte 0
 2181 0009 000000   	 .space 3
 2182              	 .section .data.CAN_NODE_2_LMO_05,"aw",%progbits
 2183              	 .align 3
 2186              	CAN_NODE_2_LMO_05:
 2187 0000 E0510148 	 .word 1208046048
 2188 0004 E5       	 .byte 229
 2189 0005 05       	 .byte 5
 2190 0006 00       	 .byte 0
 2191 0007 80       	 .byte 128
 2192 0008 FF       	 .byte 255
 2193 0009 07       	 .byte 7
 2194 000a 00       	 .byte 0
 2195 000b 20       	 .byte 32
 2196 000c 08       	 .byte 8
 2197 000d 000000   	 .space 3
 2198 0010 00000000 	 .word 0
 2199 0014 00000000 	 .word 0
 2200 0018 01       	 .byte 1
 2201 0019 00000000 	 .space 7
 2201      000000
 2202              	 .global CAN_NODE_2_LMO_05_Config
 2203              	 .section .rodata.CAN_NODE_2_LMO_05_Config,"a",%progbits
 2204              	 .align 2
 2207              	CAN_NODE_2_LMO_05_Config:
 2208 0000 00000000 	 .word CAN_NODE_2_LMO_05
 2209 0004 0F       	 .byte 15
 2210 0005 00       	 .byte 0
 2211 0006 00       	 .byte 0
 2212 0007 00       	 .byte 0
 2213 0008 00       	 .byte 0
 2214 0009 000000   	 .space 3
 2215              	 .global CAN_NODE_2
 2216              	 .section .rodata.CAN_NODE_2,"a",%progbits
 2217              	 .align 2
 2220              	CAN_NODE_2:
 2221 0000 00000000 	 .word GLOBAL_CAN_0
 2222 0004 00470148 	 .word 1208043264
 2223 0008 00000000 	 .word CAN_NODE_2_BitTimeConfig
 2224 000c 00000000 	 .word CAN_NODE_2_LMO_01_Config
 2225 0010 00000000 	 .word CAN_NODE_2_LMO_02_Config
 2226 0014 00000000 	 .word CAN_NODE_2_LMO_03_Config
 2227 0018 00000000 	 .word CAN_NODE_2_LMO_04_Config
 2228 001c 00000000 	 .word CAN_NODE_2_LMO_05_Config
 2229 0020 00000000 	 .word 0
 2230 0024 00000000 	 .word 0
 2231 0028 00000000 	 .word 0
 2232 002c 00000000 	 .word 0
 2233 0030 00000000 	 .word 0
 2234 0034 00000000 	 .word 0
 2235 0038 00000000 	 .word 0
 2236 003c 00000000 	 .word 0
 2237 0040 00000000 	 .word 0
 2238 0044 00000000 	 .word 0
 2239 0048 00000000 	 .word 0
 2240 004c 00000000 	 .word 0
 2241 0050 00000000 	 .word 0
 2242 0054 00000000 	 .word 0
 2243 0058 00000000 	 .word 0
 2244 005c 00000000 	 .word 0
 2245 0060 00000000 	 .word 0
 2246 0064 00000000 	 .word 0
 2247 0068 00000000 	 .word 0
 2248 006c 00000000 	 .word 0
 2249 0070 00000000 	 .word 0
 2250 0074 00000000 	 .word 0
 2251 0078 00000000 	 .word 0
 2252 007c 00000000 	 .word 0
 2253 0080 00000000 	 .word 0
 2254 0084 00000000 	 .word 0
 2255 0088 00000000 	 .word 0
 2256 008c 00000000 	 .word CAN_NODE_2_sr
 2257 0090 00000000 	 .word CAN_NODE_2_gpio_out
 2258 0094 00000000 	 .word CAN_NODE_2_gpio_out_config
 2259 0098 00000000 	 .word CAN_NODE_2_gpio_in
 2260 009c 00000000 	 .word CAN_NODE_2_gpio_in_config
 2261 00a0 00       	 .byte 0
 2262 00a1 05       	 .byte 5
 2263 00a2 05       	 .byte 5
 2264 00a3 00       	 .byte 0
 2265 00a4 00       	 .byte 0
 2266 00a5 00       	 .byte 0
 2267 00a6 00       	 .byte 0
 2268 00a7 00       	 .byte 0
 2269              	 .text
 2270              	.Letext0:
 2271              	 .file 1 "c:\\infineon\\tools\\dave ide\\4.5.0.202105191637\\eclipse\\arm-gcc-49\\arm-none-eabi\\include\\machine\\_default_types.h"
 2272              	 .file 2 "c:\\infineon\\tools\\dave ide\\4.5.0.202105191637\\eclipse\\arm-gcc-49\\arm-none-eabi\\include\\stdint.h"
 2273              	 .file 3 "D:/Projects/VCU Firmware Main/IRP/Git Repo/VCU14_29bit_overCAN_withIRP_new4g_proto26_adding_All10sec_data/Libraries/CMSIS/Infineon/XMC4700_series/Include/XMC4700.h"
 2274              	 .file 4 "D:/Projects/VCU Firmware Main/IRP/Git Repo/VCU14_29bit_overCAN_withIRP_new4g_proto26_adding_All10sec_data/Libraries/XMCLib/inc/xmc_can.h"
 2275              	 .file 5 "D:/Projects/VCU Firmware Main/IRP/Git Repo/VCU14_29bit_overCAN_withIRP_new4g_proto26_adding_All10sec_data/Libraries/XMCLib/inc/xmc_gpio.h"
 2276              	 .file 6 "D:/Projects/VCU Firmware Main/IRP/Git Repo/VCU14_29bit_overCAN_withIRP_new4g_proto26_adding_All10sec_data/Libraries/XMCLib/inc/xmc4_gpio.h"
 2277              	 .file 7 "D:/Projects/VCU Firmware Main/IRP/Git Repo/VCU14_29bit_overCAN_withIRP_new4g_proto26_adding_All10sec_data/Dave/Generated/GLOBAL_CAN/global_can.h"
 2278              	 .file 8 "../Dave/Generated/CAN_NODE/can_node.h"
 2279              	 .file 9 "../Dave/Generated/CAN_NODE/can_node_conf.c"
 2280              	 .file 10 "D:/Projects/VCU Firmware Main/IRP/Git Repo/VCU14_29bit_overCAN_withIRP_new4g_proto26_adding_All10sec_data/Libraries/CMSIS/Include/cmsis_gcc.h"
 2281              	 .file 11 "D:/Projects/VCU Firmware Main/IRP/Git Repo/VCU14_29bit_overCAN_withIRP_new4g_proto26_adding_All10sec_data/Libraries/CMSIS/Include/core_cm4.h"
 2282              	 .file 12 "D:/Projects/VCU Firmware Main/IRP/Git Repo/VCU14_29bit_overCAN_withIRP_new4g_proto26_adding_All10sec_data/Libraries/CMSIS/Infineon/XMC4700_series/Include/system_XMC4700.h"
 2283              	 .file 13 "D:/Projects/VCU Firmware Main/IRP/Git Repo/VCU14_29bit_overCAN_withIRP_new4g_proto26_adding_All10sec_data/Dave/Generated/GLOBAL_CAN/global_can_extern.h"
DEFINED SYMBOLS
                            *ABS*:00000000 can_node_conf.c
    {standard input}:20     .rodata.CAN_NODE_0_gpio_out:00000000 $d
    {standard input}:23     .rodata.CAN_NODE_0_gpio_out:00000000 CAN_NODE_0_gpio_out
    {standard input}:28     .rodata.CAN_NODE_0_gpio_out_config:00000000 $d
    {standard input}:31     .rodata.CAN_NODE_0_gpio_out_config:00000000 CAN_NODE_0_gpio_out_config
    {standard input}:38     .rodata.CAN_NODE_0_gpio_in:00000000 $d
    {standard input}:41     .rodata.CAN_NODE_0_gpio_in:00000000 CAN_NODE_0_gpio_in
    {standard input}:46     .rodata.CAN_NODE_0_gpio_in_config:00000000 $d
    {standard input}:49     .rodata.CAN_NODE_0_gpio_in_config:00000000 CAN_NODE_0_gpio_in_config
    {standard input}:52     .rodata.CAN_NODE_0_BitTimeConfig:00000000 $d
    {standard input}:55     .rodata.CAN_NODE_0_BitTimeConfig:00000000 CAN_NODE_0_BitTimeConfig
    {standard input}:61     .rodata.CAN_NODE_0_sr:00000000 $d
    {standard input}:64     .rodata.CAN_NODE_0_sr:00000000 CAN_NODE_0_sr
    {standard input}:67     .data.CAN_NODE_0_LMO_01:00000000 $d
    {standard input}:70     .data.CAN_NODE_0_LMO_01:00000000 CAN_NODE_0_LMO_01
    {standard input}:91     .rodata.CAN_NODE_0_LMO_01_Config:00000000 CAN_NODE_0_LMO_01_Config
    {standard input}:88     .rodata.CAN_NODE_0_LMO_01_Config:00000000 $d
    {standard input}:100    .data.CAN_NODE_0_LMO_02:00000000 $d
    {standard input}:103    .data.CAN_NODE_0_LMO_02:00000000 CAN_NODE_0_LMO_02
    {standard input}:124    .rodata.CAN_NODE_0_LMO_02_Config:00000000 CAN_NODE_0_LMO_02_Config
    {standard input}:121    .rodata.CAN_NODE_0_LMO_02_Config:00000000 $d
    {standard input}:133    .data.CAN_NODE_0_LMO_03:00000000 $d
    {standard input}:136    .data.CAN_NODE_0_LMO_03:00000000 CAN_NODE_0_LMO_03
    {standard input}:157    .rodata.CAN_NODE_0_LMO_03_Config:00000000 CAN_NODE_0_LMO_03_Config
    {standard input}:154    .rodata.CAN_NODE_0_LMO_03_Config:00000000 $d
    {standard input}:166    .data.CAN_NODE_0_LMO_04:00000000 $d
    {standard input}:169    .data.CAN_NODE_0_LMO_04:00000000 CAN_NODE_0_LMO_04
    {standard input}:190    .rodata.CAN_NODE_0_LMO_04_Config:00000000 CAN_NODE_0_LMO_04_Config
    {standard input}:187    .rodata.CAN_NODE_0_LMO_04_Config:00000000 $d
    {standard input}:199    .data.CAN_NODE_0_LMO_05:00000000 $d
    {standard input}:202    .data.CAN_NODE_0_LMO_05:00000000 CAN_NODE_0_LMO_05
    {standard input}:223    .rodata.CAN_NODE_0_LMO_05_Config:00000000 CAN_NODE_0_LMO_05_Config
    {standard input}:220    .rodata.CAN_NODE_0_LMO_05_Config:00000000 $d
    {standard input}:232    .data.CAN_NODE_0_LMO_06:00000000 $d
    {standard input}:235    .data.CAN_NODE_0_LMO_06:00000000 CAN_NODE_0_LMO_06
    {standard input}:256    .rodata.CAN_NODE_0_LMO_06_Config:00000000 CAN_NODE_0_LMO_06_Config
    {standard input}:253    .rodata.CAN_NODE_0_LMO_06_Config:00000000 $d
    {standard input}:265    .data.CAN_NODE_0_LMO_07:00000000 $d
    {standard input}:268    .data.CAN_NODE_0_LMO_07:00000000 CAN_NODE_0_LMO_07
    {standard input}:289    .rodata.CAN_NODE_0_LMO_07_Config:00000000 CAN_NODE_0_LMO_07_Config
    {standard input}:286    .rodata.CAN_NODE_0_LMO_07_Config:00000000 $d
    {standard input}:298    .data.CAN_NODE_0_LMO_08:00000000 $d
    {standard input}:301    .data.CAN_NODE_0_LMO_08:00000000 CAN_NODE_0_LMO_08
    {standard input}:322    .rodata.CAN_NODE_0_LMO_08_Config:00000000 CAN_NODE_0_LMO_08_Config
    {standard input}:319    .rodata.CAN_NODE_0_LMO_08_Config:00000000 $d
    {standard input}:331    .data.CAN_NODE_0_LMO_09:00000000 $d
    {standard input}:334    .data.CAN_NODE_0_LMO_09:00000000 CAN_NODE_0_LMO_09
    {standard input}:355    .rodata.CAN_NODE_0_LMO_09_Config:00000000 CAN_NODE_0_LMO_09_Config
    {standard input}:352    .rodata.CAN_NODE_0_LMO_09_Config:00000000 $d
    {standard input}:364    .data.CAN_NODE_0_LMO_10:00000000 $d
    {standard input}:367    .data.CAN_NODE_0_LMO_10:00000000 CAN_NODE_0_LMO_10
    {standard input}:388    .rodata.CAN_NODE_0_LMO_10_Config:00000000 CAN_NODE_0_LMO_10_Config
    {standard input}:385    .rodata.CAN_NODE_0_LMO_10_Config:00000000 $d
    {standard input}:397    .data.CAN_NODE_0_LMO_11:00000000 $d
    {standard input}:400    .data.CAN_NODE_0_LMO_11:00000000 CAN_NODE_0_LMO_11
    {standard input}:421    .rodata.CAN_NODE_0_LMO_11_Config:00000000 CAN_NODE_0_LMO_11_Config
    {standard input}:418    .rodata.CAN_NODE_0_LMO_11_Config:00000000 $d
    {standard input}:430    .data.CAN_NODE_0_LMO_12:00000000 $d
    {standard input}:433    .data.CAN_NODE_0_LMO_12:00000000 CAN_NODE_0_LMO_12
    {standard input}:454    .rodata.CAN_NODE_0_LMO_12_Config:00000000 CAN_NODE_0_LMO_12_Config
    {standard input}:451    .rodata.CAN_NODE_0_LMO_12_Config:00000000 $d
    {standard input}:463    .data.CAN_NODE_0_LMO_13:00000000 $d
    {standard input}:466    .data.CAN_NODE_0_LMO_13:00000000 CAN_NODE_0_LMO_13
    {standard input}:487    .rodata.CAN_NODE_0_LMO_13_Config:00000000 CAN_NODE_0_LMO_13_Config
    {standard input}:484    .rodata.CAN_NODE_0_LMO_13_Config:00000000 $d
    {standard input}:496    .data.CAN_NODE_0_LMO_14:00000000 $d
    {standard input}:499    .data.CAN_NODE_0_LMO_14:00000000 CAN_NODE_0_LMO_14
    {standard input}:520    .rodata.CAN_NODE_0_LMO_14_Config:00000000 CAN_NODE_0_LMO_14_Config
    {standard input}:517    .rodata.CAN_NODE_0_LMO_14_Config:00000000 $d
    {standard input}:529    .data.CAN_NODE_0_LMO_15:00000000 $d
    {standard input}:532    .data.CAN_NODE_0_LMO_15:00000000 CAN_NODE_0_LMO_15
    {standard input}:553    .rodata.CAN_NODE_0_LMO_15_Config:00000000 CAN_NODE_0_LMO_15_Config
    {standard input}:550    .rodata.CAN_NODE_0_LMO_15_Config:00000000 $d
    {standard input}:562    .data.CAN_NODE_0_LMO_16:00000000 $d
    {standard input}:565    .data.CAN_NODE_0_LMO_16:00000000 CAN_NODE_0_LMO_16
    {standard input}:586    .rodata.CAN_NODE_0_LMO_16_Config:00000000 CAN_NODE_0_LMO_16_Config
    {standard input}:583    .rodata.CAN_NODE_0_LMO_16_Config:00000000 $d
    {standard input}:595    .data.CAN_NODE_0_LMO_17:00000000 $d
    {standard input}:598    .data.CAN_NODE_0_LMO_17:00000000 CAN_NODE_0_LMO_17
    {standard input}:619    .rodata.CAN_NODE_0_LMO_17_Config:00000000 CAN_NODE_0_LMO_17_Config
    {standard input}:616    .rodata.CAN_NODE_0_LMO_17_Config:00000000 $d
    {standard input}:628    .data.CAN_NODE_0_LMO_18:00000000 $d
    {standard input}:631    .data.CAN_NODE_0_LMO_18:00000000 CAN_NODE_0_LMO_18
    {standard input}:652    .rodata.CAN_NODE_0_LMO_18_Config:00000000 CAN_NODE_0_LMO_18_Config
    {standard input}:649    .rodata.CAN_NODE_0_LMO_18_Config:00000000 $d
    {standard input}:661    .data.CAN_NODE_0_LMO_19:00000000 $d
    {standard input}:664    .data.CAN_NODE_0_LMO_19:00000000 CAN_NODE_0_LMO_19
    {standard input}:685    .rodata.CAN_NODE_0_LMO_19_Config:00000000 CAN_NODE_0_LMO_19_Config
    {standard input}:682    .rodata.CAN_NODE_0_LMO_19_Config:00000000 $d
    {standard input}:694    .data.CAN_NODE_0_LMO_20:00000000 $d
    {standard input}:697    .data.CAN_NODE_0_LMO_20:00000000 CAN_NODE_0_LMO_20
    {standard input}:718    .rodata.CAN_NODE_0_LMO_20_Config:00000000 CAN_NODE_0_LMO_20_Config
    {standard input}:715    .rodata.CAN_NODE_0_LMO_20_Config:00000000 $d
    {standard input}:727    .data.CAN_NODE_0_LMO_21:00000000 $d
    {standard input}:730    .data.CAN_NODE_0_LMO_21:00000000 CAN_NODE_0_LMO_21
    {standard input}:751    .rodata.CAN_NODE_0_LMO_21_Config:00000000 CAN_NODE_0_LMO_21_Config
    {standard input}:748    .rodata.CAN_NODE_0_LMO_21_Config:00000000 $d
    {standard input}:760    .data.CAN_NODE_0_LMO_22:00000000 $d
    {standard input}:763    .data.CAN_NODE_0_LMO_22:00000000 CAN_NODE_0_LMO_22
    {standard input}:784    .rodata.CAN_NODE_0_LMO_22_Config:00000000 CAN_NODE_0_LMO_22_Config
    {standard input}:781    .rodata.CAN_NODE_0_LMO_22_Config:00000000 $d
    {standard input}:793    .data.CAN_NODE_0_LMO_23:00000000 $d
    {standard input}:796    .data.CAN_NODE_0_LMO_23:00000000 CAN_NODE_0_LMO_23
    {standard input}:817    .rodata.CAN_NODE_0_LMO_23_Config:00000000 CAN_NODE_0_LMO_23_Config
    {standard input}:814    .rodata.CAN_NODE_0_LMO_23_Config:00000000 $d
    {standard input}:826    .data.CAN_NODE_0_LMO_24:00000000 $d
    {standard input}:829    .data.CAN_NODE_0_LMO_24:00000000 CAN_NODE_0_LMO_24
    {standard input}:850    .rodata.CAN_NODE_0_LMO_24_Config:00000000 CAN_NODE_0_LMO_24_Config
    {standard input}:847    .rodata.CAN_NODE_0_LMO_24_Config:00000000 $d
    {standard input}:859    .data.CAN_NODE_0_LMO_25:00000000 $d
    {standard input}:862    .data.CAN_NODE_0_LMO_25:00000000 CAN_NODE_0_LMO_25
    {standard input}:883    .rodata.CAN_NODE_0_LMO_25_Config:00000000 CAN_NODE_0_LMO_25_Config
    {standard input}:880    .rodata.CAN_NODE_0_LMO_25_Config:00000000 $d
    {standard input}:892    .data.CAN_NODE_0_LMO_26:00000000 $d
    {standard input}:895    .data.CAN_NODE_0_LMO_26:00000000 CAN_NODE_0_LMO_26
    {standard input}:916    .rodata.CAN_NODE_0_LMO_26_Config:00000000 CAN_NODE_0_LMO_26_Config
    {standard input}:913    .rodata.CAN_NODE_0_LMO_26_Config:00000000 $d
    {standard input}:925    .data.CAN_NODE_0_LMO_27:00000000 $d
    {standard input}:928    .data.CAN_NODE_0_LMO_27:00000000 CAN_NODE_0_LMO_27
    {standard input}:949    .rodata.CAN_NODE_0_LMO_27_Config:00000000 CAN_NODE_0_LMO_27_Config
    {standard input}:946    .rodata.CAN_NODE_0_LMO_27_Config:00000000 $d
    {standard input}:958    .data.CAN_NODE_0_LMO_28:00000000 $d
    {standard input}:961    .data.CAN_NODE_0_LMO_28:00000000 CAN_NODE_0_LMO_28
    {standard input}:982    .rodata.CAN_NODE_0_LMO_28_Config:00000000 CAN_NODE_0_LMO_28_Config
    {standard input}:979    .rodata.CAN_NODE_0_LMO_28_Config:00000000 $d
    {standard input}:991    .data.CAN_NODE_0_LMO_29:00000000 $d
    {standard input}:994    .data.CAN_NODE_0_LMO_29:00000000 CAN_NODE_0_LMO_29
    {standard input}:1015   .rodata.CAN_NODE_0_LMO_29_Config:00000000 CAN_NODE_0_LMO_29_Config
    {standard input}:1012   .rodata.CAN_NODE_0_LMO_29_Config:00000000 $d
    {standard input}:1024   .data.CAN_NODE_0_LMO_30:00000000 $d
    {standard input}:1027   .data.CAN_NODE_0_LMO_30:00000000 CAN_NODE_0_LMO_30
    {standard input}:1048   .rodata.CAN_NODE_0_LMO_30_Config:00000000 CAN_NODE_0_LMO_30_Config
    {standard input}:1045   .rodata.CAN_NODE_0_LMO_30_Config:00000000 $d
    {standard input}:1057   .data.CAN_NODE_0_LMO_31:00000000 $d
    {standard input}:1060   .data.CAN_NODE_0_LMO_31:00000000 CAN_NODE_0_LMO_31
    {standard input}:1081   .rodata.CAN_NODE_0_LMO_31_Config:00000000 CAN_NODE_0_LMO_31_Config
    {standard input}:1078   .rodata.CAN_NODE_0_LMO_31_Config:00000000 $d
    {standard input}:1090   .data.CAN_NODE_0_LMO_32:00000000 $d
    {standard input}:1093   .data.CAN_NODE_0_LMO_32:00000000 CAN_NODE_0_LMO_32
    {standard input}:1114   .rodata.CAN_NODE_0_LMO_32_Config:00000000 CAN_NODE_0_LMO_32_Config
    {standard input}:1111   .rodata.CAN_NODE_0_LMO_32_Config:00000000 $d
    {standard input}:1127   .rodata.CAN_NODE_0:00000000 CAN_NODE_0
    {standard input}:1124   .rodata.CAN_NODE_0:00000000 $d
    {standard input}:1177   .rodata.CAN_NODE_1_gpio_out:00000000 $d
    {standard input}:1180   .rodata.CAN_NODE_1_gpio_out:00000000 CAN_NODE_1_gpio_out
    {standard input}:1185   .rodata.CAN_NODE_1_gpio_out_config:00000000 $d
    {standard input}:1188   .rodata.CAN_NODE_1_gpio_out_config:00000000 CAN_NODE_1_gpio_out_config
    {standard input}:1195   .rodata.CAN_NODE_1_gpio_in:00000000 $d
    {standard input}:1198   .rodata.CAN_NODE_1_gpio_in:00000000 CAN_NODE_1_gpio_in
    {standard input}:1203   .rodata.CAN_NODE_1_gpio_in_config:00000000 $d
    {standard input}:1206   .rodata.CAN_NODE_1_gpio_in_config:00000000 CAN_NODE_1_gpio_in_config
    {standard input}:1209   .rodata.CAN_NODE_1_BitTimeConfig:00000000 $d
    {standard input}:1212   .rodata.CAN_NODE_1_BitTimeConfig:00000000 CAN_NODE_1_BitTimeConfig
    {standard input}:1218   .rodata.CAN_NODE_1_sr:00000000 $d
    {standard input}:1221   .rodata.CAN_NODE_1_sr:00000000 CAN_NODE_1_sr
    {standard input}:1224   .data.CAN_NODE_1_LMO_01:00000000 $d
    {standard input}:1227   .data.CAN_NODE_1_LMO_01:00000000 CAN_NODE_1_LMO_01
    {standard input}:1248   .rodata.CAN_NODE_1_LMO_01_Config:00000000 CAN_NODE_1_LMO_01_Config
    {standard input}:1245   .rodata.CAN_NODE_1_LMO_01_Config:00000000 $d
    {standard input}:1257   .data.CAN_NODE_1_LMO_02:00000000 $d
    {standard input}:1260   .data.CAN_NODE_1_LMO_02:00000000 CAN_NODE_1_LMO_02
    {standard input}:1281   .rodata.CAN_NODE_1_LMO_02_Config:00000000 CAN_NODE_1_LMO_02_Config
    {standard input}:1278   .rodata.CAN_NODE_1_LMO_02_Config:00000000 $d
    {standard input}:1290   .data.CAN_NODE_1_LMO_03:00000000 $d
    {standard input}:1293   .data.CAN_NODE_1_LMO_03:00000000 CAN_NODE_1_LMO_03
    {standard input}:1314   .rodata.CAN_NODE_1_LMO_03_Config:00000000 CAN_NODE_1_LMO_03_Config
    {standard input}:1311   .rodata.CAN_NODE_1_LMO_03_Config:00000000 $d
    {standard input}:1323   .data.CAN_NODE_1_LMO_04:00000000 $d
    {standard input}:1326   .data.CAN_NODE_1_LMO_04:00000000 CAN_NODE_1_LMO_04
    {standard input}:1347   .rodata.CAN_NODE_1_LMO_04_Config:00000000 CAN_NODE_1_LMO_04_Config
    {standard input}:1344   .rodata.CAN_NODE_1_LMO_04_Config:00000000 $d
    {standard input}:1356   .data.CAN_NODE_1_LMO_05:00000000 $d
    {standard input}:1359   .data.CAN_NODE_1_LMO_05:00000000 CAN_NODE_1_LMO_05
    {standard input}:1380   .rodata.CAN_NODE_1_LMO_05_Config:00000000 CAN_NODE_1_LMO_05_Config
    {standard input}:1377   .rodata.CAN_NODE_1_LMO_05_Config:00000000 $d
    {standard input}:1389   .data.CAN_NODE_1_LMO_06:00000000 $d
    {standard input}:1392   .data.CAN_NODE_1_LMO_06:00000000 CAN_NODE_1_LMO_06
    {standard input}:1413   .rodata.CAN_NODE_1_LMO_06_Config:00000000 CAN_NODE_1_LMO_06_Config
    {standard input}:1410   .rodata.CAN_NODE_1_LMO_06_Config:00000000 $d
    {standard input}:1422   .data.CAN_NODE_1_LMO_07:00000000 $d
    {standard input}:1425   .data.CAN_NODE_1_LMO_07:00000000 CAN_NODE_1_LMO_07
    {standard input}:1446   .rodata.CAN_NODE_1_LMO_07_Config:00000000 CAN_NODE_1_LMO_07_Config
    {standard input}:1443   .rodata.CAN_NODE_1_LMO_07_Config:00000000 $d
    {standard input}:1455   .data.CAN_NODE_1_LMO_08:00000000 $d
    {standard input}:1458   .data.CAN_NODE_1_LMO_08:00000000 CAN_NODE_1_LMO_08
    {standard input}:1479   .rodata.CAN_NODE_1_LMO_08_Config:00000000 CAN_NODE_1_LMO_08_Config
    {standard input}:1476   .rodata.CAN_NODE_1_LMO_08_Config:00000000 $d
    {standard input}:1488   .data.CAN_NODE_1_LMO_09:00000000 $d
    {standard input}:1491   .data.CAN_NODE_1_LMO_09:00000000 CAN_NODE_1_LMO_09
    {standard input}:1512   .rodata.CAN_NODE_1_LMO_09_Config:00000000 CAN_NODE_1_LMO_09_Config
    {standard input}:1509   .rodata.CAN_NODE_1_LMO_09_Config:00000000 $d
    {standard input}:1521   .data.CAN_NODE_1_LMO_10:00000000 $d
    {standard input}:1524   .data.CAN_NODE_1_LMO_10:00000000 CAN_NODE_1_LMO_10
    {standard input}:1545   .rodata.CAN_NODE_1_LMO_10_Config:00000000 CAN_NODE_1_LMO_10_Config
    {standard input}:1542   .rodata.CAN_NODE_1_LMO_10_Config:00000000 $d
    {standard input}:1554   .data.CAN_NODE_1_LMO_11:00000000 $d
    {standard input}:1557   .data.CAN_NODE_1_LMO_11:00000000 CAN_NODE_1_LMO_11
    {standard input}:1578   .rodata.CAN_NODE_1_LMO_11_Config:00000000 CAN_NODE_1_LMO_11_Config
    {standard input}:1575   .rodata.CAN_NODE_1_LMO_11_Config:00000000 $d
    {standard input}:1587   .data.CAN_NODE_1_LMO_12:00000000 $d
    {standard input}:1590   .data.CAN_NODE_1_LMO_12:00000000 CAN_NODE_1_LMO_12
    {standard input}:1611   .rodata.CAN_NODE_1_LMO_12_Config:00000000 CAN_NODE_1_LMO_12_Config
    {standard input}:1608   .rodata.CAN_NODE_1_LMO_12_Config:00000000 $d
    {standard input}:1620   .data.CAN_NODE_1_LMO_13:00000000 $d
    {standard input}:1623   .data.CAN_NODE_1_LMO_13:00000000 CAN_NODE_1_LMO_13
    {standard input}:1644   .rodata.CAN_NODE_1_LMO_13_Config:00000000 CAN_NODE_1_LMO_13_Config
    {standard input}:1641   .rodata.CAN_NODE_1_LMO_13_Config:00000000 $d
    {standard input}:1653   .data.CAN_NODE_1_LMO_14:00000000 $d
    {standard input}:1656   .data.CAN_NODE_1_LMO_14:00000000 CAN_NODE_1_LMO_14
    {standard input}:1677   .rodata.CAN_NODE_1_LMO_14_Config:00000000 CAN_NODE_1_LMO_14_Config
    {standard input}:1674   .rodata.CAN_NODE_1_LMO_14_Config:00000000 $d
    {standard input}:1686   .data.CAN_NODE_1_LMO_15:00000000 $d
    {standard input}:1689   .data.CAN_NODE_1_LMO_15:00000000 CAN_NODE_1_LMO_15
    {standard input}:1710   .rodata.CAN_NODE_1_LMO_15_Config:00000000 CAN_NODE_1_LMO_15_Config
    {standard input}:1707   .rodata.CAN_NODE_1_LMO_15_Config:00000000 $d
    {standard input}:1719   .data.CAN_NODE_1_LMO_16:00000000 $d
    {standard input}:1722   .data.CAN_NODE_1_LMO_16:00000000 CAN_NODE_1_LMO_16
    {standard input}:1743   .rodata.CAN_NODE_1_LMO_16_Config:00000000 CAN_NODE_1_LMO_16_Config
    {standard input}:1740   .rodata.CAN_NODE_1_LMO_16_Config:00000000 $d
    {standard input}:1752   .data.CAN_NODE_1_LMO_17:00000000 $d
    {standard input}:1755   .data.CAN_NODE_1_LMO_17:00000000 CAN_NODE_1_LMO_17
    {standard input}:1776   .rodata.CAN_NODE_1_LMO_17_Config:00000000 CAN_NODE_1_LMO_17_Config
    {standard input}:1773   .rodata.CAN_NODE_1_LMO_17_Config:00000000 $d
    {standard input}:1785   .data.CAN_NODE_1_LMO_18:00000000 $d
    {standard input}:1788   .data.CAN_NODE_1_LMO_18:00000000 CAN_NODE_1_LMO_18
    {standard input}:1809   .rodata.CAN_NODE_1_LMO_18_Config:00000000 CAN_NODE_1_LMO_18_Config
    {standard input}:1806   .rodata.CAN_NODE_1_LMO_18_Config:00000000 $d
    {standard input}:1818   .data.CAN_NODE_1_LMO_19:00000000 $d
    {standard input}:1821   .data.CAN_NODE_1_LMO_19:00000000 CAN_NODE_1_LMO_19
    {standard input}:1842   .rodata.CAN_NODE_1_LMO_19_Config:00000000 CAN_NODE_1_LMO_19_Config
    {standard input}:1839   .rodata.CAN_NODE_1_LMO_19_Config:00000000 $d
    {standard input}:1851   .data.CAN_NODE_1_LMO_20:00000000 $d
    {standard input}:1854   .data.CAN_NODE_1_LMO_20:00000000 CAN_NODE_1_LMO_20
    {standard input}:1875   .rodata.CAN_NODE_1_LMO_20_Config:00000000 CAN_NODE_1_LMO_20_Config
    {standard input}:1872   .rodata.CAN_NODE_1_LMO_20_Config:00000000 $d
    {standard input}:1884   .data.CAN_NODE_1_LMO_21:00000000 $d
    {standard input}:1887   .data.CAN_NODE_1_LMO_21:00000000 CAN_NODE_1_LMO_21
    {standard input}:1908   .rodata.CAN_NODE_1_LMO_21_Config:00000000 CAN_NODE_1_LMO_21_Config
    {standard input}:1905   .rodata.CAN_NODE_1_LMO_21_Config:00000000 $d
    {standard input}:1917   .data.CAN_NODE_1_LMO_22:00000000 $d
    {standard input}:1920   .data.CAN_NODE_1_LMO_22:00000000 CAN_NODE_1_LMO_22
    {standard input}:1941   .rodata.CAN_NODE_1_LMO_22_Config:00000000 CAN_NODE_1_LMO_22_Config
    {standard input}:1938   .rodata.CAN_NODE_1_LMO_22_Config:00000000 $d
    {standard input}:1954   .rodata.CAN_NODE_1:00000000 CAN_NODE_1
    {standard input}:1951   .rodata.CAN_NODE_1:00000000 $d
    {standard input}:2004   .rodata.CAN_NODE_2_gpio_out:00000000 $d
    {standard input}:2007   .rodata.CAN_NODE_2_gpio_out:00000000 CAN_NODE_2_gpio_out
    {standard input}:2012   .rodata.CAN_NODE_2_gpio_out_config:00000000 $d
    {standard input}:2015   .rodata.CAN_NODE_2_gpio_out_config:00000000 CAN_NODE_2_gpio_out_config
    {standard input}:2022   .rodata.CAN_NODE_2_gpio_in:00000000 $d
    {standard input}:2025   .rodata.CAN_NODE_2_gpio_in:00000000 CAN_NODE_2_gpio_in
    {standard input}:2030   .rodata.CAN_NODE_2_gpio_in_config:00000000 $d
    {standard input}:2033   .rodata.CAN_NODE_2_gpio_in_config:00000000 CAN_NODE_2_gpio_in_config
    {standard input}:2036   .rodata.CAN_NODE_2_BitTimeConfig:00000000 $d
    {standard input}:2039   .rodata.CAN_NODE_2_BitTimeConfig:00000000 CAN_NODE_2_BitTimeConfig
    {standard input}:2045   .rodata.CAN_NODE_2_sr:00000000 $d
    {standard input}:2048   .rodata.CAN_NODE_2_sr:00000000 CAN_NODE_2_sr
    {standard input}:2051   .data.CAN_NODE_2_LMO_01:00000000 $d
    {standard input}:2054   .data.CAN_NODE_2_LMO_01:00000000 CAN_NODE_2_LMO_01
    {standard input}:2075   .rodata.CAN_NODE_2_LMO_01_Config:00000000 CAN_NODE_2_LMO_01_Config
    {standard input}:2072   .rodata.CAN_NODE_2_LMO_01_Config:00000000 $d
    {standard input}:2084   .data.CAN_NODE_2_LMO_02:00000000 $d
    {standard input}:2087   .data.CAN_NODE_2_LMO_02:00000000 CAN_NODE_2_LMO_02
    {standard input}:2108   .rodata.CAN_NODE_2_LMO_02_Config:00000000 CAN_NODE_2_LMO_02_Config
    {standard input}:2105   .rodata.CAN_NODE_2_LMO_02_Config:00000000 $d
    {standard input}:2117   .data.CAN_NODE_2_LMO_03:00000000 $d
    {standard input}:2120   .data.CAN_NODE_2_LMO_03:00000000 CAN_NODE_2_LMO_03
    {standard input}:2141   .rodata.CAN_NODE_2_LMO_03_Config:00000000 CAN_NODE_2_LMO_03_Config
    {standard input}:2138   .rodata.CAN_NODE_2_LMO_03_Config:00000000 $d
    {standard input}:2150   .data.CAN_NODE_2_LMO_04:00000000 $d
    {standard input}:2153   .data.CAN_NODE_2_LMO_04:00000000 CAN_NODE_2_LMO_04
    {standard input}:2174   .rodata.CAN_NODE_2_LMO_04_Config:00000000 CAN_NODE_2_LMO_04_Config
    {standard input}:2171   .rodata.CAN_NODE_2_LMO_04_Config:00000000 $d
    {standard input}:2183   .data.CAN_NODE_2_LMO_05:00000000 $d
    {standard input}:2186   .data.CAN_NODE_2_LMO_05:00000000 CAN_NODE_2_LMO_05
    {standard input}:2207   .rodata.CAN_NODE_2_LMO_05_Config:00000000 CAN_NODE_2_LMO_05_Config
    {standard input}:2204   .rodata.CAN_NODE_2_LMO_05_Config:00000000 $d
    {standard input}:2220   .rodata.CAN_NODE_2:00000000 CAN_NODE_2
    {standard input}:2217   .rodata.CAN_NODE_2:00000000 $d

UNDEFINED SYMBOLS
GLOBAL_CAN_0
